APPLICATION	CarMaker 14.1.1 - Car_Generic #5 (win64-14.1.1)
COMPILED	jetbrains@2dc68d98a08b 2025-07-07 15:00:46
 
		I/O Configuration: default
SIM_START	day2_scenario5	2025-11-15 12:38:54
TIME	0.000
SIMULATE	day2_scenario5

TIME	30.453
SIM_END		day2_scenario5	30.45s	421.992m
APPLICATION	CarMaker 14.1.1 - Car_Generic #5 (win64-14.1.1)
COMPILED	jetbrains@2dc68d98a08b 2025-07-07 15:00:46
 
		I/O Configuration: default
SIM_START	day2_scenario5	2025-11-15 12:54:43
TIME	0.000
SIMULATE	day2_scenario5

TIME	11.285
SIM_END		day2_scenario5	11.282s	155.504m
APPLICATION	CarMaker 14.1.1 - Car_Generic #5 (win64-14.1.1)
COMPILED	jetbrains@2dc68d98a08b 2025-07-07 15:00:46
 
		I/O Configuration: default
SIM_START	day2_scenario5	2025-11-15 12:55:19
TIME	0.000
SIMULATE	day2_scenario5

SIM_END		day2_scenario5	1.621s	22.1981m
APPLICATION	CarMaker 14.1.1 - Car_Generic #5 (win64-14.1.1)
COMPILED	jetbrains@2dc68d98a08b 2025-07-07 15:00:46
 
		I/O Configuration: default
SIM_START	day2_scenario5	2025-11-15 13:13:12
TIME	0.000
SIMULATE	day2_scenario5

TIME	45.082
SIM_END		day2_scenario5	45.082s	625.119m
APPLICATION	CarMaker 14.1.1 - Car_Generic #5 (win64-14.1.1)
COMPILED	jetbrains@2dc68d98a08b 2025-07-07 15:00:46
 
		I/O Configuration: default
SIM_START	day2_scenario5	2025-11-15 13:34:49
TIME	0.000
SIMULATE	day2_scenario5

TIME	2.988
ERROR		Vehicle leaves road at about x=1.3898, y=31.4453 TireNo=0
SIM_ABORT	day2_scenario5	2.991s	28.8872m
APPLICATION	CarMaker 14.1.1 - Car_Generic #5 (win64-14.1.1)
COMPILED	jetbrains@2dc68d98a08b 2025-07-07 15:00:46
 
		I/O Configuration: default
SIM_START	day2_scenario5	2025-11-15 13:37:34
TIME	0.000
SIMULATE	day2_scenario5

TIME	24.636
SIM_END		day2_scenario5	24.633s	341.127m
APPLICATION	CarMaker 14.1.1 - Car_Generic #5 (win64-14.1.1)
COMPILED	jetbrains@2dc68d98a08b 2025-07-07 15:00:46
 
		I/O Configuration: default
SIM_START	day2_scenario5	2025-11-15 13:38:12
TIME	0.000
SIMULATE	day2_scenario5

TIME	15.348
SIM_END		day2_scenario5	15.345s	212.009m
APPLICATION	CarMaker 14.1.1 - Car_Generic #5 (win64-14.1.1)
COMPILED	jetbrains@2dc68d98a08b 2025-07-07 15:00:46
 
		I/O Configuration: default
SIM_START	day2_scenario5	2025-11-15 13:38:37
TIME	0.000
SIMULATE	day2_scenario5

TIME	29.700
SIM_END		day2_scenario5	29.697s	411.519m
APPLICATION	CarMaker 14.1.1 - Car_Generic #5 (win64-14.1.1)
COMPILED	jetbrains@2dc68d98a08b 2025-07-07 15:00:46
 
		I/O Configuration: default
SIM_START	day2_scenario5	2025-11-15 13:39:13
TIME	0.000
SIMULATE	day2_scenario5

TIME	5.901
SIM_END		day2_scenario5	5.898s	80.8892m
APPLICATION	CarMaker 14.1.1 - Car_Generic #5 (win64-14.1.1)
COMPILED	jetbrains@2dc68d98a08b 2025-07-07 15:00:46
 
		I/O Configuration: default
SIM_START	day2_scenario5	2025-11-15 13:39:25
TIME	0.000
SIMULATE	day2_scenario5

TIME	9.868
SIM_END		day2_scenario5	9.865s	135.702m
APPLICATION	CarMaker 14.1.1 - Car_Generic #5 (win64-14.1.1)
COMPILED	jetbrains@2dc68d98a08b 2025-07-07 15:00:46
 
		I/O Configuration: default
SIM_START	day2_scenario5	2025-11-15 13:39:41
TIME	0.000
SIMULATE	day2_scenario5

TIME	31.283
SIM_END		day2_scenario5	31.28s	433.531m
APPLICATION	CarMaker 14.1.1 - Car_Generic #5 (win64-14.1.1)
COMPILED	jetbrains@2dc68d98a08b 2025-07-07 15:00:46
 
		I/O Configuration: default
SIM_START	day2_scenario5	2025-11-15 13:40:21
TIME	0.000
SIMULATE	day2_scenario5

TIME	41.003
SIM_END		day2_scenario5	41s	568.643m
APPLICATION	CarMaker 14.1.1 - Car_Generic #5 (win64-14.1.1)
COMPILED	jetbrains@2dc68d98a08b 2025-07-07 15:00:46
 
		I/O Configuration: default
SIM_START	day2_scenario5	2025-11-15 13:41:16
TIME	0.000
SIMULATE	day2_scenario5

TIME	45.094
SIM_END		day2_scenario5	45.094s	625.286m
APPLICATION	CarMaker 14.1.1 - Car_Generic #5 (win64-14.1.1)
COMPILED	jetbrains@2dc68d98a08b 2025-07-07 15:00:46
 
		I/O Configuration: default
SIM_START	day2_scenario5	2025-11-15 13:42:42
TIME	0.000
SIMULATE	day2_scenario5

TIME	18.226
SIM_END		day2_scenario5	18.223s	252.008m
APPLICATION	CarMaker 14.1.1 - Car_Generic #5 (win64-14.1.1)
COMPILED	jetbrains@2dc68d98a08b 2025-07-07 15:00:46
 
		I/O Configuration: default
SIM_START	day2_scenario5	2025-11-15 13:43:29
TIME	0.000
SIMULATE	day2_scenario5

TIME	45.094
SIM_END		day2_scenario5	45.094s	625.286m
APPLICATION	CarMaker 14.1.1 - Car_Generic #5 (win64-14.1.1)
COMPILED	jetbrains@2dc68d98a08b 2025-07-07 15:00:46
 
		I/O Configuration: default
SIM_START	day3_scenario1	2025-11-15 15:56:41
TIME	0.000
SIMULATE	day3_scenario1

TIME	22.759
ERROR		Vehicle leaves road at about x=196.705, y=36.8975 TireNo=0
SIM_ABORT	day3_scenario1	22.762s	266.215m
APPLICATION	CarMaker 14.1.1 - Car_Generic #5 (win64-14.1.1)
COMPILED	jetbrains@2dc68d98a08b 2025-07-07 15:00:46
 
		I/O Configuration: default
SIM_START	day3_scenario1	2025-11-15 15:58:47
TIME	0.000
SIMULATE	day3_scenario1

TIME	22.759
ERROR		Vehicle leaves road at about x=196.705, y=36.8975 TireNo=0
SIM_ABORT	day3_scenario1	22.762s	266.215m
APPLICATION	CarMaker 14.1.1 - Car_Generic #5 (win64-14.1.1)
COMPILED	jetbrains@2dc68d98a08b 2025-07-07 15:00:46
 
		I/O Configuration: default
SIM_START	day3_scenario1	2025-11-15 16:00:07
TIME	0.000
SIMULATE	day3_scenario1

TIME	5.338
ERROR		Vehicle leaves road at about x=4.35052, y=39.548 TireNo=0
SIM_ABORT	day3_scenario1	5.341s	35.6796m
APPLICATION	CarMaker 14.1.1 - Car_Generic #5 (win64-14.1.1)
COMPILED	jetbrains@2dc68d98a08b 2025-07-07 15:00:46
 
		I/O Configuration: default
SIM_START	day3_scenario1	2025-11-15 16:00:29
TIME	0.000
SIMULATE	day3_scenario1

TIME	5.338
ERROR		Vehicle leaves road at about x=4.3505, y=39.5479 TireNo=0
SIM_ABORT	day3_scenario1	5.341s	35.6794m
APPLICATION	CarMaker 14.1.1 - Car_Generic #5 (win64-14.1.1)
COMPILED	jetbrains@2dc68d98a08b 2025-07-07 15:00:46
 
		I/O Configuration: default
SIM_START	day3_scenario1	2025-11-15 16:00:50
TIME	0.000
SIMULATE	day3_scenario1

TIME	20.083
ERROR		Vehicle leaves road at about x=186.903, y=56.2194 TireNo=0
SIM_ABORT	day3_scenario1	20.086s	243.71m
APPLICATION	CarMaker 14.1.1 - Car_Generic #5 (win64-14.1.1)
COMPILED	jetbrains@2dc68d98a08b 2025-07-07 15:00:46
 
		I/O Configuration: default
SIM_START	day3_scenario1	2025-11-15 16:02:00
TIME	0.000
SIMULATE	day3_scenario1

TIME	20.236
ERROR		Vehicle leaves road at about x=187.846, y=54.7337 TireNo=0
SIM_ABORT	day3_scenario1	20.239s	245.337m
APPLICATION	CarMaker 14.1.1 - Car_Generic #5 (win64-14.1.1)
COMPILED	jetbrains@2dc68d98a08b 2025-07-07 15:00:46
 
		I/O Configuration: default
SIM_START	day3_scenario1	2025-11-15 16:03:53
TIME	0.000
SIMULATE	day3_scenario1

TIME	20.236
ERROR		Vehicle leaves road at about x=187.846, y=54.7337 TireNo=0
SIM_ABORT	day3_scenario1	20.239s	245.337m
APPLICATION	CarMaker 14.1.1 - Car_Generic #5 (win64-14.1.1)
COMPILED	jetbrains@2dc68d98a08b 2025-07-07 15:00:46
 
		I/O Configuration: default
SIM_START	day3_scenario1	2025-11-15 16:05:07
TIME	0.000
SIMULATE	day3_scenario1

TIME	20.236
ERROR		Vehicle leaves road at about x=187.846, y=54.7336 TireNo=0
SIM_ABORT	day3_scenario1	20.239s	245.337m
APPLICATION	CarMaker 14.1.1 - Car_Generic #5 (win64-14.1.1)
COMPILED	jetbrains@2dc68d98a08b 2025-07-07 15:00:46
 
		I/O Configuration: default
SIM_START	day3_scenario1	2025-11-15 16:05:45
TIME	0.000
SIMULATE	day3_scenario1

TIME	20.236
ERROR		Vehicle leaves road at about x=187.846, y=54.7336 TireNo=0
SIM_ABORT	day3_scenario1	20.239s	245.337m
APPLICATION	CarMaker 14.1.1 - Car_Generic #5 (win64-14.1.1)
COMPILED	jetbrains@2dc68d98a08b 2025-07-07 15:00:46
 
		I/O Configuration: default
SIM_START	day3_scenario1	2025-11-15 16:13:28
TIME	0.000
SIMULATE	day3_scenario1

TIME	20.236
ERROR		Vehicle leaves road at about x=187.846, y=54.7336 TireNo=0
SIM_ABORT	day3_scenario1	20.239s	245.337m
APPLICATION	CarMaker 14.1.1 - Car_Generic #5 (win64-14.1.1)
COMPILED	jetbrains@2dc68d98a08b 2025-07-07 15:00:46
 
		I/O Configuration: default
SIM_START	day3_scenario1	2025-11-15 16:16:25
TIME	0.000
SIMULATE	day3_scenario1

TIME	11.902
SIM_END		day3_scenario1	11.899s	142.959m
APPLICATION	CarMaker 14.1.1 - Car_Generic #5 (win64-14.1.1)
COMPILED	jetbrains@2dc68d98a08b 2025-07-07 15:00:46
 
		I/O Configuration: default
SIM_START	day3_scenario1	2025-11-15 16:19:33
TIME	0.000
SIMULATE	day3_scenario1

TIME	9.002
SIM_END		day3_scenario1	8.999s	102.924m
APPLICATION	CarMaker 14.1.1 - Car_Generic #5 (win64-14.1.1)
COMPILED	jetbrains@2dc68d98a08b 2025-07-07 15:00:46
 
		I/O Configuration: default
SIM_START	day3_scenario1	2025-11-15 16:20:22
TIME	0.000
SIMULATE	day3_scenario1

TIME	20.236
ERROR		Vehicle leaves road at about x=187.846, y=54.7336 TireNo=0
SIM_ABORT	day3_scenario1	20.239s	245.337m
APPLICATION	CarMaker 14.1.1 - Car_Generic #5 (win64-14.1.1)
COMPILED	jetbrains@2dc68d98a08b 2025-07-07 15:00:46
 
		I/O Configuration: default
SIM_START	day3_scenario1	2025-11-15 16:23:41
TIME	0.000
SIMULATE	day3_scenario1

TIME	20.238
ERROR		Vehicle leaves road at about x=187.856, y=54.715 TireNo=0
SIM_ABORT	day3_scenario1	20.241s	245.357m
APPLICATION	CarMaker 14.1.1 - Car_Generic #5 (win64-14.1.1)
COMPILED	jetbrains@2dc68d98a08b 2025-07-07 15:00:46
 
		I/O Configuration: default
SIM_START	day3_scenario1	2025-11-15 16:28:17
TIME	0.000
SIMULATE	day3_scenario1

TIME	20.319
ERROR		Vehicle leaves road at about x=188.016, y=54.4627 TireNo=0
SIM_ABORT	day3_scenario1	20.322s	245.704m
APPLICATION	CarMaker 14.1.1 - Car_Generic #5 (win64-14.1.1)
COMPILED	jetbrains@2dc68d98a08b 2025-07-07 15:00:46
 
		I/O Configuration: default
SIM_START	day3_scenario1	2025-11-15 16:34:08
TIME	0.000
SIMULATE	day3_scenario1

TIME	20.319
ERROR		Vehicle leaves road at about x=188.016, y=54.4627 TireNo=0
SIM_ABORT	day3_scenario1	20.322s	245.704m
APPLICATION	CarMaker 14.1.1 - Car_Generic #5 (win64-14.1.1)
COMPILED	jetbrains@2dc68d98a08b 2025-07-07 15:00:46
 
		I/O Configuration: default
SIM_START	day3_scenario1	2025-11-15 16:35:56
TIME	0.000
SIMULATE	day3_scenario1

TIME	20.319
ERROR		Vehicle leaves road at about x=188.016, y=54.4627 TireNo=0
SIM_ABORT	day3_scenario1	20.322s	245.704m
APPLICATION	CarMaker 14.1.1 - Car_Generic #5 (win64-14.1.1)
COMPILED	jetbrains@2dc68d98a08b 2025-07-07 15:00:46
 
		I/O Configuration: default
SIM_START	day3_scenario1	2025-11-15 16:48:50
TIME	0.000
SIMULATE	day3_scenario1

TIME	20.319
ERROR		Vehicle leaves road at about x=188.016, y=54.4627 TireNo=0
SIM_ABORT	day3_scenario1	20.322s	245.704m
APPLICATION	CarMaker 14.1.1 - Car_Generic #5 (win64-14.1.1)
COMPILED	jetbrains@2dc68d98a08b 2025-07-07 15:00:46
 
		I/O Configuration: default
SIM_START	day3_scenario1	2025-11-15 16:54:20
TIME	0.000
SIMULATE	day3_scenario1

TIME	34.290
SIM_END		day3_scenario1	34.287s	442.379m
APPLICATION	CarMaker 14.1.1 - Car_Generic #5 (win64-14.1.1)
COMPILED	jetbrains@2dc68d98a08b 2025-07-07 15:00:46
 
		I/O Configuration: default
SIM_START	day3_scenario1	2025-11-15 16:55:11
TIME	0.000
SIMULATE	day3_scenario1

TIME	46.454
SIM_END		day3_scenario1	46.454s	622.967m
