APPLICATION	CarMaker 14.1.1 - Car_Generic #5 (win64-14.1.1)
COMPILED	jetbrains@2dc68d98a08b 2025-07-07 15:00:46
 
		I/O Configuration: default
SIM_START	day2_scenario2	2025-11-13 13:59:34
TIME	0.001
		Current random seed value = 1763009974
TIME	0.000
SIMULATE	day2_scenario2

TIME	55.179
SIM_END		day2_scenario2	55.176s	473.332m
APPLICATION	CarMaker 14.1.1 - Car_Generic #5 (win64-14.1.1)
COMPILED	jetbrains@2dc68d98a08b 2025-07-07 15:00:46
 
		I/O Configuration: default
SIM_START	day2_scenario2	2025-11-13 14:00:59
TIME	0.001
		Current random seed value = 1763010059
TIME	0.000
SIMULATE	day2_scenario2

TIME	10.533
SIM_END		day2_scenario2	10.53s	91.9829m
APPLICATION	CarMaker 14.1.1 - Car_Generic #5 (win64-14.1.1)
COMPILED	jetbrains@2dc68d98a08b 2025-07-07 15:00:46
 
		I/O Configuration: default
SIM_START	day2_scenario2	2025-11-13 14:01:17
TIME	0.001
		Current random seed value = 1763010077
TIME	0.000
SIMULATE	day2_scenario2

TIME	8.312
SIM_END		day2_scenario2	8.309s	99.9276m
APPLICATION	CarMaker 14.1.1 - Car_Generic #5 (win64-14.1.1)
COMPILED	jetbrains@2dc68d98a08b 2025-07-07 15:00:46
 
		I/O Configuration: default
SIM_START	day2_scenario2	2025-11-13 14:01:34
TIME	0.001
		Current random seed value = 1763010094
TIME	0.000
SIMULATE	day2_scenario2

TIME	12.029
SIM_END		day2_scenario2	12.026s	140.412m
APPLICATION	CarMaker 14.1.1 - Car_Generic #5 (win64-14.1.1)
COMPILED	jetbrains@2dc68d98a08b 2025-07-07 15:00:46
 
		I/O Configuration: default
SIM_START	day2_scenario2	2025-11-13 14:02:04
TIME	0.001
		Current random seed value = 1763010124
TIME	0.000
SIMULATE	day2_scenario2

TIME	8.453
SIM_END		day2_scenario2	8.45s	98.4257m
APPLICATION	CarMaker 14.1.1 - Car_Generic #5 (win64-14.1.1)
COMPILED	jetbrains@2dc68d98a08b 2025-07-07 15:00:46
 
		I/O Configuration: default
SIM_START	day2_scenario2	2025-11-13 14:02:21
TIME	0.001
		Current random seed value = 1763010141
TIME	0.000
SIMULATE	day2_scenario2

TIME	33.588
SIM_END		day2_scenario2	33.585s	368.298m
APPLICATION	CarMaker 14.1.1 - Car_Generic #5 (win64-14.1.1)
COMPILED	jetbrains@2dc68d98a08b 2025-07-07 15:00:46
 
		I/O Configuration: default
SIM_START	day2_scenario2	2025-11-13 14:03:01
TIME	0.001
		Current random seed value = 1763010181
TIME	0.000
SIMULATE	day2_scenario2

TIME	10.822
SIM_END		day2_scenario2	10.819s	87.9946m
APPLICATION	CarMaker 14.1.1 - Car_Generic #5 (win64-14.1.1)
COMPILED	jetbrains@2dc68d98a08b 2025-07-07 15:00:46
 
		I/O Configuration: default
SIM_START	day2_scenario2	2025-11-13 14:05:12
TIME	0.001
		Current random seed value = 1763010312
TIME	0.000
SIMULATE	day2_scenario2

TIME	16.125
SIM_END		day2_scenario2	16.122s	152.69m
APPLICATION	CarMaker 14.1.1 - Car_Generic #5 (win64-14.1.1)
COMPILED	jetbrains@2dc68d98a08b 2025-07-07 15:00:46
 
		I/O Configuration: default
SIM_START	day2_scenario2	2025-11-13 14:05:36
TIME	0.001
		Current random seed value = 1763010336
TIME	0.000
SIMULATE	day2_scenario2

TIME	24.231
SIM_END		day2_scenario2	24.228s	212.135m
APPLICATION	CarMaker 14.1.1 - Car_Generic #5 (win64-14.1.1)
COMPILED	jetbrains@2dc68d98a08b 2025-07-07 15:00:46
 
		I/O Configuration: default
SIM_START	day2_scenario2	2025-11-13 14:06:06
TIME	0.001
		Current random seed value = 1763010366
TIME	0.000
SIMULATE	day2_scenario2

TIME	44.533
SIM_END		day2_scenario2	44.53s	384.268m
APPLICATION	CarMaker 14.1.1 - Car_Generic #5 (win64-14.1.1)
COMPILED	jetbrains@2dc68d98a08b 2025-07-07 15:00:46
 
		I/O Configuration: default
SIM_START	day2_scenario2	2025-11-13 14:07:10
TIME	0.001
		Current random seed value = 1763010430
TIME	0.000
SIMULATE	day2_scenario2

TIME	14.382
SIM_END		day2_scenario2	14.379s	128.32m
APPLICATION	CarMaker 14.1.1 - Car_Generic #5 (win64-14.1.1)
COMPILED	jetbrains@2dc68d98a08b 2025-07-07 15:00:46
 
		I/O Configuration: default
SIM_START	day2_scenario2	2025-11-13 14:07:30
TIME	0.001
		Current random seed value = 1763010450
TIME	0.000
SIMULATE	day2_scenario2

TIME	31.000
SIM_END		day2_scenario2	30.997s	267.783m
APPLICATION	CarMaker 14.1.1 - Car_Generic #5 (win64-14.1.1)
COMPILED	jetbrains@2dc68d98a08b 2025-07-07 15:00:46
 
		I/O Configuration: default
SIM_START	day2_scenario2	2025-11-13 14:08:11
TIME	0.001
		Current random seed value = 1763010491
TIME	0.000
SIMULATE	day2_scenario2

TIME	16.387
SIM_END		day2_scenario2	16.384s	149.234m
APPLICATION	CarMaker 14.1.1 - Car_Generic #5 (win64-14.1.1)
COMPILED	jetbrains@2dc68d98a08b 2025-07-07 15:00:46
 
		I/O Configuration: default
SIM_START	day2_scenario2	2025-11-13 14:08:32
TIME	0.001
		Current random seed value = 1763010512
TIME	0.000
SIMULATE	day2_scenario2

TIME	8.952
SIM_END		day2_scenario2	8.949s	89.532m
APPLICATION	CarMaker 14.1.1 - Car_Generic #5 (win64-14.1.1)
COMPILED	jetbrains@2dc68d98a08b 2025-07-07 15:00:46
 
		I/O Configuration: default
SIM_START	day2_scenario2	2025-11-13 14:08:46
TIME	0.001
		Current random seed value = 1763010526
TIME	0.000
SIMULATE	day2_scenario2

TIME	10.246
SIM_END		day2_scenario2	10.243s	96.8078m
APPLICATION	CarMaker 14.1.1 - Car_Generic #5 (win64-14.1.1)
COMPILED	jetbrains@2dc68d98a08b 2025-07-07 15:00:46
 
		I/O Configuration: default
SIM_START	day2_scenario2	2025-11-13 14:09:03
TIME	0.001
		Current random seed value = 1763010543
TIME	0.000
SIMULATE	day2_scenario2

TIME	16.911
SIM_END		day2_scenario2	16.908s	152.465m
APPLICATION	CarMaker 14.1.1 - Car_Generic #5 (win64-14.1.1)
COMPILED	jetbrains@2dc68d98a08b 2025-07-07 15:00:46
 
		I/O Configuration: default
SIM_START	day2_scenario2	2025-11-13 14:09:25
TIME	0.001
		Current random seed value = 1763010565
TIME	0.000
SIMULATE	day2_scenario2

TIME	44.688
SIM_END		day2_scenario2	44.685s	381.98m
APPLICATION	CarMaker 14.1.1 - Car_Generic #5 (win64-14.1.1)
COMPILED	jetbrains@2dc68d98a08b 2025-07-07 15:00:46
 
		I/O Configuration: default
SIM_START	day2_scenario2	2025-11-13 14:10:19
TIME	0.001
		Current random seed value = 1763010619
TIME	0.000
SIMULATE	day2_scenario2

TIME	13.133
SIM_END		day2_scenario2	13.13s	119.396m
APPLICATION	CarMaker 14.1.1 - Car_Generic #5 (win64-14.1.1)
COMPILED	jetbrains@2dc68d98a08b 2025-07-07 15:00:46
 
		I/O Configuration: default
SIM_START	day2_scenario2	2025-11-13 14:10:42
TIME	0.001
		Current random seed value = 1763010642
TIME	0.000
SIMULATE	day2_scenario2

TIME	60.955
SIM_END		day2_scenario2	60.952s	482.333m
APPLICATION	CarMaker 14.1.1 - Car_Generic #5 (win64-14.1.1)
COMPILED	jetbrains@2dc68d98a08b 2025-07-07 15:00:46
 
		I/O Configuration: default
SIM_START	day2_scenario2	2025-11-13 14:11:48
TIME	0.001
		Current random seed value = 1763010708
TIME	0.000
SIMULATE	day2_scenario2

TIME	13.101
SIM_END		day2_scenario2	13.098s	120.279m
APPLICATION	CarMaker 14.1.1 - Car_Generic #5 (win64-14.1.1)
COMPILED	jetbrains@2dc68d98a08b 2025-07-07 15:00:46
 
		I/O Configuration: default
SIM_START	day2_scenario2	2025-11-13 14:12:06
TIME	0.001
		Current random seed value = 1763010726
TIME	0.000
SIMULATE	day2_scenario2

TIME	14.921
SIM_END		day2_scenario2	14.918s	135.914m
APPLICATION	CarMaker 14.1.1 - Car_Generic #5 (win64-14.1.1)
COMPILED	jetbrains@2dc68d98a08b 2025-07-07 15:00:46
 
		I/O Configuration: default
SIM_START	day2_scenario2	2025-11-13 14:12:30
TIME	0.001
		Current random seed value = 1763010750
TIME	0.000
SIMULATE	day2_scenario2

TIME	14.852
SIM_END		day2_scenario2	14.849s	133.122m
APPLICATION	CarMaker 14.1.1 - Car_Generic #5 (win64-14.1.1)
COMPILED	jetbrains@2dc68d98a08b 2025-07-07 15:00:46
 
		I/O Configuration: default
SIM_START	day2_scenario2	2025-11-13 14:12:50
TIME	0.001
		Current random seed value = 1763010770
TIME	0.000
SIMULATE	day2_scenario2

TIME	17.524
SIM_END		day2_scenario2	17.521s	154.54m
APPLICATION	CarMaker 14.1.1 - Car_Generic #5 (win64-14.1.1)
COMPILED	jetbrains@2dc68d98a08b 2025-07-07 15:00:46
 
		I/O Configuration: default
SIM_START	day2_scenario2	2025-11-13 14:13:16
TIME	0.001
		Current random seed value = 1763010796
TIME	0.000
SIMULATE	day2_scenario2

TIME	19.300
SIM_END		day2_scenario2	19.297s	170.262m
APPLICATION	CarMaker 14.1.1 - Car_Generic #5 (win64-14.1.1)
COMPILED	jetbrains@2dc68d98a08b 2025-07-07 15:00:46
 
		I/O Configuration: default
SIM_START	day2_scenario2	2025-11-13 14:14:51
TIME	0.001
		Current random seed value = 1763010891
TIME	0.000
SIMULATE	day2_scenario2

TIME	10.441
SIM_END		day2_scenario2	10.438s	97.2104m
APPLICATION	CarMaker 14.1.1 - Car_Generic #5 (win64-14.1.1)
COMPILED	jetbrains@2dc68d98a08b 2025-07-07 15:00:46
 
		I/O Configuration: default
SIM_START	day2_scenario2	2025-11-13 14:15:32
TIME	0.001
		Current random seed value = 1763010932
TIME	0.000
SIMULATE	day2_scenario2

TIME	2.697
SIM_END		day2_scenario2	2.694s	19.4374m
APPLICATION	CarMaker 14.1.1 - Car_Generic #5 (win64-14.1.1)
COMPILED	jetbrains@2dc68d98a08b 2025-07-07 15:00:46
 
		I/O Configuration: default
SIM_START	day2_scenario2	2025-11-13 14:16:39
TIME	0.001
		Current random seed value = 1763010999
TIME	0.000
SIMULATE	day2_scenario2

TIME	38.616
SIM_END		day2_scenario2	38.613s	331.089m
APPLICATION	CarMaker 14.1.1 - Car_Generic #5 (win64-14.1.1)
COMPILED	jetbrains@2dc68d98a08b 2025-07-07 15:00:46
 
		I/O Configuration: default
SIM_START	day2_scenario2	2025-11-13 14:25:54
TIME	0.001
		Current random seed value = 1763011554
TIME	0.000
SIMULATE	day2_scenario2

SIM_END		day2_scenario2	0s	0m
APPLICATION	CarMaker 14.1.1 - Car_Generic #5 (win64-14.1.1)
COMPILED	jetbrains@2dc68d98a08b 2025-07-07 15:00:46
 
		I/O Configuration: default
SIM_START	day2_scenario2	2025-11-13 14:26:14
TIME	0.001
		Current random seed value = 1763011574
TIME	0.000
SIMULATE	day2_scenario2

TIME	10.283
SIM_END		day2_scenario2	10.28s	94.2945m
APPLICATION	CarMaker 14.1.1 - Car_Generic #5 (win64-14.1.1)
COMPILED	jetbrains@2dc68d98a08b 2025-07-07 15:00:46
 
		I/O Configuration: default
SIM_START	day2_scenario2	2025-11-13 14:26:36
TIME	0.001
		Current random seed value = 1763011596
TIME	0.000
SIMULATE	day2_scenario2

TIME	22.576
SIM_END		day2_scenario2	22.573s	197.443m
APPLICATION	CarMaker 14.1.1 - Car_Generic #5 (win64-14.1.1)
COMPILED	jetbrains@2dc68d98a08b 2025-07-07 15:00:46
 
		I/O Configuration: default
SIM_START	day2_scenario2	2025-11-13 14:27:17
TIME	0.001
		Current random seed value = 1763011637
TIME	0.000
SIMULATE	day2_scenario2

TIME	19.850
SIM_END		day2_scenario2	19.847s	175.638m
APPLICATION	CarMaker 14.1.1 - Car_Generic #5 (win64-14.1.1)
COMPILED	jetbrains@2dc68d98a08b 2025-07-07 15:00:46
 
		I/O Configuration: default
SIM_START	day2_scenario2	2025-11-13 14:27:43
TIME	0.001
		Current random seed value = 1763011663
TIME	0.000
SIMULATE	day2_scenario2

TIME	27.035
SIM_END		day2_scenario2	27.032s	234.771m
APPLICATION	CarMaker 14.1.1 - Car_Generic #5 (win64-14.1.1)
COMPILED	jetbrains@2dc68d98a08b 2025-07-07 15:00:46
 
		I/O Configuration: default
SIM_START	day2_scenario2	2025-11-13 14:28:22
TIME	0.001
		Current random seed value = 1763011702
TIME	0.000
SIMULATE	day2_scenario2

TIME	38.841
SIM_END		day2_scenario2	38.838s	332.893m
APPLICATION	CarMaker 14.1.1 - Car_Generic #5 (win64-14.1.1)
COMPILED	jetbrains@2dc68d98a08b 2025-07-07 15:00:46
 
		I/O Configuration: default
SIM_START	day2_scenario2	2025-11-13 14:29:43
TIME	0.001
		Current random seed value = 1763011783
TIME	0.000
SIMULATE	day2_scenario2

TIME	10.417
SIM_END		day2_scenario2	10.414s	97.1016m
APPLICATION	CarMaker 14.1.1 - Car_Generic #5 (win64-14.1.1)
COMPILED	jetbrains@2dc68d98a08b 2025-07-07 15:00:46
 
		I/O Configuration: default
SIM_START	day2_scenario2	2025-11-13 14:30:33
TIME	0.001
		Current random seed value = 1763011833
TIME	0.000
SIMULATE	day2_scenario2

TIME	39.233
SIM_END		day2_scenario2	39.23s	333.556m
APPLICATION	CarMaker 14.1.1 - Car_Generic #5 (win64-14.1.1)
COMPILED	jetbrains@2dc68d98a08b 2025-07-07 15:00:46
 
		I/O Configuration: default
SIM_START	day2_scenario2	2025-11-13 14:31:23
TIME	0.001
		Current random seed value = 1763011883
TIME	0.000
SIMULATE	day2_scenario2

TIME	11.634
SIM_END		day2_scenario2	11.631s	107.142m
APPLICATION	CarMaker 14.1.1 - Car_Generic #5 (win64-14.1.1)
COMPILED	jetbrains@2dc68d98a08b 2025-07-07 15:00:46
 
		I/O Configuration: default
SIM_START	day2_scenario2	2025-11-13 14:31:54
TIME	0.001
		Current random seed value = 1763011914
TIME	0.000
SIMULATE	day2_scenario2

TIME	29.100
SIM_END		day2_scenario2	29.097s	246.91m
APPLICATION	CarMaker 14.1.1 - Car_Generic #5 (win64-14.1.1)
COMPILED	jetbrains@2dc68d98a08b 2025-07-07 15:00:46
 
		I/O Configuration: default
SIM_START	day2_scenario2	2025-11-13 14:33:10
TIME	0.001
		Current random seed value = 1763011990
TIME	0.000
SIMULATE	day2_scenario2

TIME	13.279
SIM_END		day2_scenario2	13.276s	114.237m
APPLICATION	CarMaker 14.1.1 - Car_Generic #5 (win64-14.1.1)
COMPILED	jetbrains@2dc68d98a08b 2025-07-07 15:00:46
 
		I/O Configuration: default
SIM_START	day2_scenario2	2025-11-13 14:33:38
TIME	0.001
		Current random seed value = 1763012018
TIME	0.000
SIMULATE	day2_scenario2

TIME	15.906
SIM_END		day2_scenario2	15.903s	136.762m
APPLICATION	CarMaker 14.1.1 - Car_Generic #5 (win64-14.1.1)
COMPILED	jetbrains@2dc68d98a08b 2025-07-07 15:00:46
 
		I/O Configuration: default
SIM_START	day2_scenario3	2025-11-13 14:34:53
TIME	0.001
		Current random seed value = 1763012093
TIME	0.000
SIMULATE	day2_scenario3

TIME	24.862
SIM_END		day2_scenario3	24.859s	235.392m
APPLICATION	CarMaker 14.1.1 - Car_Generic #5 (win64-14.1.1)
COMPILED	jetbrains@2dc68d98a08b 2025-07-07 15:00:46
 
		I/O Configuration: default
SIM_START	day2_scenario3	2025-11-13 14:35:32
TIME	0.001
		Current random seed value = 1763012132
TIME	0.000
SIMULATE	day2_scenario3

TIME	80.137
SIM_END		day2_scenario3	80.134s	480.317m
APPLICATION	CarMaker 14.1.1 - Car_Generic #5 (win64-14.1.1)
COMPILED	jetbrains@2dc68d98a08b 2025-07-07 15:00:46
 
		I/O Configuration: default
SIM_START	day2_scenario3	2025-11-13 14:36:56
TIME	0.001
		Current random seed value = 1763012216
TIME	0.000
SIMULATE	day2_scenario3

TIME	41.299
SIM_END		day2_scenario3	41.296s	390.769m
APPLICATION	CarMaker 14.1.1 - Car_Generic #5 (win64-14.1.1)
COMPILED	jetbrains@2dc68d98a08b 2025-07-07 15:00:46
 
		I/O Configuration: default
SIM_START	day2_scenario3	2025-11-13 14:37:49
TIME	0.001
		Current random seed value = 1763012269
TIME	0.000
SIMULATE	day2_scenario3

TIME	44.054
SIM_END		day2_scenario3	44.051s	412.772m
APPLICATION	CarMaker 14.1.1 - Car_Generic #5 (win64-14.1.1)
COMPILED	jetbrains@2dc68d98a08b 2025-07-07 15:00:46
 
		I/O Configuration: default
SIM_START	day2_scenario3	2025-11-13 14:39:01
TIME	0.001
		Current random seed value = 1763012341
TIME	0.000
SIMULATE	day2_scenario3

TIME	43.767
SIM_END		day2_scenario3	43.764s	413.007m
APPLICATION	CarMaker 14.1.1 - Car_Generic #5 (win64-14.1.1)
COMPILED	jetbrains@2dc68d98a08b 2025-07-07 15:00:46
 
		I/O Configuration: default
SIM_START	day2_scenario3	2025-11-13 14:39:50
TIME	0.001
		Current random seed value = 1763012390
TIME	0.000
SIMULATE	day2_scenario3

TIME	39.470
SIM_END		day2_scenario3	39.467s	366.69m
APPLICATION	CarMaker 14.1.1 - Car_Generic #5 (win64-14.1.1)
COMPILED	jetbrains@2dc68d98a08b 2025-07-07 15:00:46
 
		I/O Configuration: default
SIM_START	day2_scenario3	2025-11-13 14:44:51
TIME	0.001
		Current random seed value = 1763012691
TIME	0.000
SIMULATE	day2_scenario3

TIME	2.497
SIM_END		day2_scenario3	2.494s	4.75372e-06m
APPLICATION	CarMaker 14.1.1 - Car_Generic #5 (win64-14.1.1)
COMPILED	jetbrains@2dc68d98a08b 2025-07-07 15:00:46
 
		I/O Configuration: default
SIM_START	day2_scenario3	2025-11-13 14:47:01
TIME	0.001
		Current random seed value = 1763012821
TIME	0.000
SIMULATE	day2_scenario3

SIM_END		day2_scenario3	0.516s	0.705424m
APPLICATION	CarMaker 14.1.1 - Car_Generic #5 (win64-14.1.1)
COMPILED	jetbrains@2dc68d98a08b 2025-07-07 15:00:46
 
		I/O Configuration: default
SIM_START	day2_scenario3	2025-11-13 14:47:06
TIME	0.001
		Current random seed value = 1763012826
TIME	0.000
SIMULATE	day2_scenario3

TIME	23.619
SIM_END		day2_scenario3	23.616s	228.556m
APPLICATION	CarMaker 14.1.1 - Car_Generic #5 (win64-14.1.1)
COMPILED	jetbrains@2dc68d98a08b 2025-07-07 15:00:46
 
		I/O Configuration: default
SIM_START	day2_scenario2	2025-11-13 14:47:37
TIME	0.001
		Current random seed value = 1763012857
TIME	0.000
SIMULATE	day2_scenario2

TIME	50.920
SIM_END		day2_scenario2	50.917s	432.586m
APPLICATION	CarMaker 14.1.1 - Car_Generic #5 (win64-14.1.1)
COMPILED	jetbrains@2dc68d98a08b 2025-07-07 15:00:46
 
		I/O Configuration: default
SIM_START	day2_scenario2	2025-11-13 14:58:27
TIME	0.001
		Current random seed value = 1763013507
TIME	0.000
SIMULATE	day2_scenario2

TIME	17.415
SIM_END		day2_scenario2	17.412s	155.693m
APPLICATION	CarMaker 14.1.1 - Car_Generic #5 (win64-14.1.1)
COMPILED	jetbrains@2dc68d98a08b 2025-07-07 15:00:46
 
		I/O Configuration: default
SIM_START	day2_scenario2	2025-11-13 14:58:49
TIME	0.001
		Current random seed value = 1763013529
TIME	0.000
SIMULATE	day2_scenario2

TIME	9.727
SIM_END		day2_scenario2	9.724s	92.3653m
APPLICATION	CarMaker 14.1.1 - Car_Generic #5 (win64-14.1.1)
COMPILED	jetbrains@2dc68d98a08b 2025-07-07 15:00:46
 
		I/O Configuration: default
SIM_START	day2_scenario3	2025-11-13 14:59:08
TIME	0.001
		Current random seed value = 1763013548
TIME	0.000
SIMULATE	day2_scenario3

TIME	20.114
SIM_END		day2_scenario3	20.111s	173.982m
APPLICATION	CarMaker 14.1.1 - Car_Generic #5 (win64-14.1.1)
COMPILED	jetbrains@2dc68d98a08b 2025-07-07 15:00:46
 
		I/O Configuration: default
SIM_START	day2_scenario3	2025-11-13 14:59:38
TIME	0.001
		Current random seed value = 1763013578
TIME	0.000
SIMULATE	day2_scenario3

TIME	31.960
SIM_END		day2_scenario3	31.957s	294.163m
APPLICATION	CarMaker 14.1.1 - Car_Generic #5 (win64-14.1.1)
COMPILED	jetbrains@2dc68d98a08b 2025-07-07 15:00:46
 
		I/O Configuration: default
SIM_START	day1_scenario4	2025-11-13 15:05:40
TIME	0.000
SIMULATE	day1_scenario4

TIME	13.944
SIM_END		day1_scenario4	13.941s	112.894m
APPLICATION	CarMaker 14.1.1 - Car_Generic #5 (win64-14.1.1)
COMPILED	jetbrains@2dc68d98a08b 2025-07-07 15:00:46
 
		I/O Configuration: default
SIM_START	day1_scenario4	2025-11-13 15:05:58
TIME	0.000
SIMULATE	day1_scenario4

TIME	20.142
SIM_END		day1_scenario4	20.139s	164.556m
APPLICATION	CarMaker 14.1.1 - Car_Generic #5 (win64-14.1.1)
COMPILED	jetbrains@2dc68d98a08b 2025-07-07 15:00:46
 
		I/O Configuration: default
SIM_START	day2_scenario4	2025-11-13 15:33:14
TIME	0.000
SIMULATE	day2_scenario4

TIME	18.802
SIM_END		day2_scenario4	18.799s	259.865m
APPLICATION	CarMaker 14.1.1 - Car_Generic #5 (win64-14.1.1)
COMPILED	jetbrains@2dc68d98a08b 2025-07-07 15:00:46
 
		I/O Configuration: default
SIM_START	day2_scenario4	2025-11-13 15:34:07
TIME	0.000
SIMULATE	day2_scenario4

TIME	24.029
SIM_END		day2_scenario4	24.026s	332.472m
APPLICATION	CarMaker 14.1.1 - Car_Generic #5 (win64-14.1.1)
COMPILED	jetbrains@2dc68d98a08b 2025-07-07 15:00:46
 
		I/O Configuration: default
SIM_START	day2_scenario4	2025-11-13 15:34:40
TIME	0.000
SIMULATE	day2_scenario4

TIME	8.453
SIM_END		day2_scenario4	8.45s	116.006m
APPLICATION	CarMaker 14.1.1 - Car_Generic #5 (win64-14.1.1)
COMPILED	jetbrains@2dc68d98a08b 2025-07-07 15:00:46
 
		I/O Configuration: default
SIM_START	day2_scenario4	2025-11-13 15:35:28
TIME	0.000
SIMULATE	day2_scenario4

TIME	27.033
SIM_END		day2_scenario4	27.03s	374.194m
APPLICATION	CarMaker 14.1.1 - Car_Generic #5 (win64-14.1.1)
COMPILED	jetbrains@2dc68d98a08b 2025-07-07 15:00:46
 
		I/O Configuration: default
SIM_START	day2_scenario4	2025-11-13 15:36:16
TIME	0.000
SIMULATE	day2_scenario4

TIME	17.853
SIM_END		day2_scenario4	17.85s	236.612m
APPLICATION	CarMaker 14.1.1 - Car_Generic #5 (win64-14.1.1)
COMPILED	jetbrains@2dc68d98a08b 2025-07-07 15:00:46
 
		I/O Configuration: default
SIM_START	day2_scenario4	2025-11-13 15:37:09
TIME	0.000
SIMULATE	day2_scenario4

TIME	9.423
SIM_END		day2_scenario4	9.42s	118.712m
APPLICATION	CarMaker 14.1.1 - Car_Generic #5 (win64-14.1.1)
COMPILED	jetbrains@2dc68d98a08b 2025-07-07 15:00:46
 
		I/O Configuration: default
SIM_START	day2_scenario4	2025-11-13 15:37:35
TIME	0.000
SIMULATE	day2_scenario4

TIME	13.109
SIM_END		day2_scenario4	13.106s	180.83m
APPLICATION	CarMaker 14.1.1 - Car_Generic #5 (win64-14.1.1)
COMPILED	jetbrains@2dc68d98a08b 2025-07-07 15:00:46
 
		I/O Configuration: default
SIM_START	day2_scenario4	2025-11-13 15:37:52
TIME	0.000
SIMULATE	day2_scenario4

TIME	10.150
SIM_END		day2_scenario4	10.147s	139.623m
APPLICATION	CarMaker 14.1.1 - Car_Generic #5 (win64-14.1.1)
COMPILED	jetbrains@2dc68d98a08b 2025-07-07 15:00:46
 
		I/O Configuration: default
SIM_START	day2_scenario4	2025-11-13 15:38:30
TIME	0.000
SIMULATE	day2_scenario4

TIME	4.973
SIM_END		day2_scenario4	4.97s	68.1931m
APPLICATION	CarMaker 14.1.1 - Car_Generic #5 (win64-14.1.1)
COMPILED	jetbrains@2dc68d98a08b 2025-07-07 15:00:46
 
		I/O Configuration: default
SIM_START	day2_scenario4	2025-11-13 15:38:43
TIME	0.000
SIMULATE	day2_scenario4

TIME	7.610
SIM_END		day2_scenario4	7.607s	104.341m
APPLICATION	CarMaker 14.1.1 - Car_Generic #5 (win64-14.1.1)
COMPILED	jetbrains@2dc68d98a08b 2025-07-07 15:00:46
 
		I/O Configuration: default
SIM_START	day2_scenario4	2025-11-13 15:39:01
TIME	0.000
SIMULATE	day2_scenario4

TIME	3.833
SIM_END		day2_scenario4	3.83s	52.4314m
APPLICATION	CarMaker 14.1.1 - Car_Generic #5 (win64-14.1.1)
COMPILED	jetbrains@2dc68d98a08b 2025-07-07 15:00:46
 
		I/O Configuration: default
SIM_START	day2_scenario4	2025-11-13 15:39:14
TIME	0.000
SIMULATE	day2_scenario4

TIME	8.646
SIM_END		day2_scenario4	8.643s	118.676m
APPLICATION	CarMaker 14.1.1 - Car_Generic #5 (win64-14.1.1)
COMPILED	jetbrains@2dc68d98a08b 2025-07-07 15:00:46
 
		I/O Configuration: default
SIM_START	day2_scenario4	2025-11-13 15:39:36
TIME	0.000
SIMULATE	day2_scenario4

TIME	11.490
SIM_END		day2_scenario4	11.487s	158.308m
APPLICATION	CarMaker 14.1.1 - Car_Generic #5 (win64-14.1.1)
COMPILED	jetbrains@2dc68d98a08b 2025-07-07 15:00:46
 
		I/O Configuration: default
SIM_START	day2_scenario5	2025-11-13 15:40:21
TIME	0.000
SIMULATE	day2_scenario5

ERROR		Vehicle leaves road at about x=-0.868521, y=23.2011 TireNo=0
TIME	2.003
SIM_ABORT	day2_scenario5	2.003s	20.9155m
APPLICATION	CarMaker 14.1.1 - Car_Generic #5 (win64-14.1.1)
COMPILED	jetbrains@2dc68d98a08b 2025-07-07 15:00:46
 
		I/O Configuration: default
SIM_START	day2_scenario5	2025-11-13 15:40:39
TIME	0.000
SIMULATE	day2_scenario5

ERROR		Vehicle leaves road at about x=-0.868521, y=23.2011 TireNo=0
TIME	2.003
SIM_ABORT	day2_scenario5	2.003s	20.9155m
APPLICATION	CarMaker 14.1.1 - Car_Generic #5 (win64-14.1.1)
COMPILED	jetbrains@2dc68d98a08b 2025-07-07 15:00:46
 
		I/O Configuration: default
SIM_START	day2_scenario5	2025-11-13 15:41:12
TIME	0.000
SIMULATE	day2_scenario5

ERROR		Vehicle leaves road at about x=-0.868521, y=23.2011 TireNo=0
TIME	2.003
SIM_ABORT	day2_scenario5	2.003s	20.9155m
APPLICATION	CarMaker 14.1.1 - Car_Generic #5 (win64-14.1.1)
COMPILED	jetbrains@2dc68d98a08b 2025-07-07 15:00:46
 
		I/O Configuration: default
SIM_START	day2_scenario4	2025-11-13 15:43:12
TIME	0.000
SIMULATE	day2_scenario4

ERROR		Vehicle leaves road at about x=18.787, y=3.60149 TireNo=0
SIM_ABORT	day2_scenario4	1.353s	16.918m
APPLICATION	CarMaker 14.1.1 - Car_Generic #5 (win64-14.1.1)
COMPILED	jetbrains@2dc68d98a08b 2025-07-07 15:00:46
 
		I/O Configuration: default
SIM_START	day2_scenario4	2025-11-13 15:43:34
TIME	0.000
SIMULATE	day2_scenario4

TIME	16.203
SIM_END		day2_scenario4	16.2s	223.75m
APPLICATION	CarMaker 14.1.1 - Car_Generic #5 (win64-14.1.1)
COMPILED	jetbrains@2dc68d98a08b 2025-07-07 15:00:46
 
		I/O Configuration: default
SIM_START	day2_scenario5	2025-11-13 15:44:41
TIME	0.000
SIMULATE	day2_scenario5

ERROR		Vehicle leaves road at about x=-0.868521, y=23.2011 TireNo=0
TIME	2.003
SIM_ABORT	day2_scenario5	2.003s	20.9155m
APPLICATION	CarMaker 14.1.1 - Car_Generic #5 (win64-14.1.1)
COMPILED	jetbrains@2dc68d98a08b 2025-07-07 15:00:46
 
		I/O Configuration: default
SIM_START	day2_scenario5	2025-11-13 15:51:35
TIME	0.000
SIMULATE	day2_scenario5

TIME	2.017
ERROR		Vehicle leaves road at about x=-0.815335, y=23.4392 TireNo=0
SIM_ABORT	day2_scenario5	2.02s	21.0444m
APPLICATION	CarMaker 14.1.1 - Car_Generic #5 (win64-14.1.1)
COMPILED	jetbrains@2dc68d98a08b 2025-07-07 15:00:46
 
		I/O Configuration: default
SIM_START	day2_scenario5	2025-11-13 15:51:56
TIME	0.000
SIMULATE	day2_scenario5

TIME	3.530
ERROR		Vehicle leaves road at about x=20.2691, y=33.5373 TireNo=1
SIM_ABORT	day2_scenario5	3.533s	34.5322m
APPLICATION	CarMaker 14.1.1 - Car_Generic #5 (win64-14.1.1)
COMPILED	jetbrains@2dc68d98a08b 2025-07-07 15:00:46
 
		I/O Configuration: default
SIM_START	day2_scenario5	2025-11-13 15:52:14
TIME	0.000
SIMULATE	day2_scenario5

TIME	3.227
ERROR		Vehicle leaves road at about x=19.0892, y=30.5796 TireNo=1
SIM_ABORT	day2_scenario5	3.23s	31.4978m
APPLICATION	CarMaker 14.1.1 - Car_Generic #5 (win64-14.1.1)
COMPILED	jetbrains@2dc68d98a08b 2025-07-07 15:00:46
 
		I/O Configuration: default
SIM_START	day2_scenario5	2025-11-13 15:52:38
TIME	0.000
SIMULATE	day2_scenario5

TIME	2.006
ERROR		Vehicle leaves road at about x=-0.858141, y=23.2548 TireNo=0
SIM_ABORT	day2_scenario5	2.009s	20.9444m
APPLICATION	CarMaker 14.1.1 - Car_Generic #5 (win64-14.1.1)
COMPILED	jetbrains@2dc68d98a08b 2025-07-07 15:00:46
 
		I/O Configuration: default
SIM_START	day2_scenario5	2025-11-13 15:53:11
TIME	0.000
SIMULATE	day2_scenario5

TIME	3.656
ERROR		Vehicle leaves road at about x=20.9848, y=35.1901 TireNo=1
SIM_ABORT	day2_scenario5	3.659s	36.2833m
APPLICATION	CarMaker 14.1.1 - Car_Generic #5 (win64-14.1.1)
COMPILED	jetbrains@2dc68d98a08b 2025-07-07 15:00:46
 
		I/O Configuration: default
SIM_START	day2_scenario5	2025-11-13 15:53:30
TIME	0.000
SIMULATE	day2_scenario5

TIME	3.656
ERROR		Vehicle leaves road at about x=20.9848, y=35.1901 TireNo=1
SIM_ABORT	day2_scenario5	3.659s	36.2833m
APPLICATION	CarMaker 14.1.1 - Car_Generic #5 (win64-14.1.1)
COMPILED	jetbrains@2dc68d98a08b 2025-07-07 15:00:46
 
		I/O Configuration: default
SIM_START	day2_scenario5	2025-11-13 15:53:43
TIME	0.000
SIMULATE	day2_scenario5

TIME	3.530
ERROR		Vehicle leaves road at about x=20.2691, y=33.5373 TireNo=1
SIM_ABORT	day2_scenario5	3.533s	34.5322m
APPLICATION	CarMaker 14.1.1 - Car_Generic #5 (win64-14.1.1)
COMPILED	jetbrains@2dc68d98a08b 2025-07-07 15:00:46
 
		I/O Configuration: default
SIM_START	day2_scenario5	2025-11-13 15:53:54
TIME	0.000
SIMULATE	day2_scenario5

TIME	4.080
ERROR		Vehicle leaves road at about x=22.8016, y=39.0199 TireNo=1
SIM_ABORT	day2_scenario5	4.083s	40.4901m
APPLICATION	CarMaker 14.1.1 - Car_Generic #5 (win64-14.1.1)
COMPILED	jetbrains@2dc68d98a08b 2025-07-07 15:00:46
 
		I/O Configuration: default
SIM_START	day2_scenario5	2025-11-13 15:54:15
TIME	0.000
SIMULATE	day2_scenario5

TIME	2.724
ERROR		Vehicle leaves road at about x=3.17195, y=36.5661 TireNo=0
SIM_ABORT	day2_scenario5	2.727s	32.7986m
APPLICATION	CarMaker 14.1.1 - Car_Generic #5 (win64-14.1.1)
COMPILED	jetbrains@2dc68d98a08b 2025-07-07 15:00:46
 
		I/O Configuration: default
SIM_START	day2_scenario5	2025-11-13 15:54:36
TIME	0.000
SIMULATE	day2_scenario5

ERROR		Vehicle leaves road at about x=-1.87392, y=18.2934 TireNo=0
SIM_ABORT	day2_scenario5	1.256s	16.6855m
APPLICATION	CarMaker 14.1.1 - Car_Generic #5 (win64-14.1.1)
COMPILED	jetbrains@2dc68d98a08b 2025-07-07 15:00:46
 
		I/O Configuration: default
SIM_START	day2_scenario5	2025-11-13 15:54:52
TIME	0.000
SIMULATE	day2_scenario5

ERROR		Vehicle leaves road at about x=16.604, y=22.9377 TireNo=1
SIM_ABORT	day2_scenario5	1.767s	23.1883m
APPLICATION	CarMaker 14.1.1 - Car_Generic #5 (win64-14.1.1)
COMPILED	jetbrains@2dc68d98a08b 2025-07-07 15:00:46
 
		I/O Configuration: default
SIM_START	day2_scenario5	2025-11-13 15:56:27
TIME	0.000
SIMULATE	day2_scenario5

TIME	2.803
ERROR		Vehicle leaves road at about x=5.47747, y=42.1673 TireNo=0
SIM_ABORT	day2_scenario5	2.806s	38.3144m
APPLICATION	CarMaker 14.1.1 - Car_Generic #5 (win64-14.1.1)
COMPILED	jetbrains@2dc68d98a08b 2025-07-07 15:00:46
 
		I/O Configuration: default
SIM_START	day2_scenario5	2025-11-13 15:56:47
TIME	0.000
SIMULATE	day2_scenario5

TIME	8.903
ERROR		Vehicle leaves road at about x=73.1487, y=99.9574 TireNo=0
SIM_ABORT	day2_scenario5	8.906s	122.314m
APPLICATION	CarMaker 14.1.1 - Car_Generic #5 (win64-14.1.1)
COMPILED	jetbrains@2dc68d98a08b 2025-07-07 15:00:46
 
		I/O Configuration: default
SIM_START	day2_scenario5	2025-11-13 15:57:19
TIME	0.000
SIMULATE	day2_scenario5

ERROR		Vehicle leaves road at about x=16.8556, y=23.8447 TireNo=1
SIM_ABORT	day2_scenario5	1.822s	23.9931m
APPLICATION	CarMaker 14.1.1 - Car_Generic #5 (win64-14.1.1)
COMPILED	jetbrains@2dc68d98a08b 2025-07-07 15:00:46
 
		I/O Configuration: default
SIM_START	day2_scenario5	2025-11-13 15:58:29
TIME	0.000
SIMULATE	day2_scenario5

ERROR		Vehicle leaves road at about x=16.8556, y=23.8447 TireNo=1
SIM_ABORT	day2_scenario5	1.822s	23.9931m
APPLICATION	CarMaker 14.1.1 - Car_Generic #5 (win64-14.1.1)
COMPILED	jetbrains@2dc68d98a08b 2025-07-07 15:00:46
 
		I/O Configuration: default
SIM_START	day2_scenario5	2025-11-13 15:58:57
TIME	0.000
SIMULATE	day2_scenario5

ERROR		Vehicle leaves road at about x=17.1785, y=24.9416 TireNo=1
SIM_ABORT	day2_scenario5	1.905s	25.235m
APPLICATION	CarMaker 14.1.1 - Car_Generic #5 (win64-14.1.1)
COMPILED	jetbrains@2dc68d98a08b 2025-07-07 15:00:46
 
		I/O Configuration: default
SIM_START	day2_scenario5	2025-11-13 16:05:25
TIME	0.000
SIMULATE	day2_scenario5

ERROR		Vehicle leaves road at about x=16.8556, y=23.8447 TireNo=1
SIM_ABORT	day2_scenario5	1.822s	23.9931m
APPLICATION	CarMaker 14.1.1 - Car_Generic #5 (win64-14.1.1)
COMPILED	jetbrains@2dc68d98a08b 2025-07-07 15:00:46
 
		I/O Configuration: default
SIM_START	day2_scenario5	2025-11-13 16:08:31
TIME	0.000
SIMULATE	day2_scenario5

ERROR		Vehicle leaves road at about x=16.8556, y=23.8447 TireNo=1
SIM_ABORT	day2_scenario5	1.822s	23.9931m
APPLICATION	CarMaker 14.1.1 - Car_Generic #5 (win64-14.1.1)
COMPILED	jetbrains@2dc68d98a08b 2025-07-07 15:00:46
 
		I/O Configuration: default
SIM_START	day2_scenario5	2025-11-13 16:11:25
TIME	0.000
SIMULATE	day2_scenario5

TIME	2.070
ERROR		Vehicle leaves road at about x=18.0412, y=27.6561 TireNo=1
SIM_ABORT	day2_scenario5	2.073s	27.991m
APPLICATION	CarMaker 14.1.1 - Car_Generic #5 (win64-14.1.1)
COMPILED	jetbrains@2dc68d98a08b 2025-07-07 15:00:46
 
		I/O Configuration: default
SIM_START	day2_scenario5	2025-11-13 16:11:45
TIME	0.000
SIMULATE	day2_scenario5

TIME	2.071
ERROR		Vehicle leaves road at about x=18.0479, y=27.6683 TireNo=1
SIM_ABORT	day2_scenario5	2.074s	28.0054m
APPLICATION	CarMaker 14.1.1 - Car_Generic #5 (win64-14.1.1)
COMPILED	jetbrains@2dc68d98a08b 2025-07-07 15:00:46
 
		I/O Configuration: default
SIM_START	day2_scenario5	2025-11-13 16:12:08
TIME	0.000
SIMULATE	day2_scenario5

ERROR		Vehicle leaves road at about x=16.3096, y=21.8468 TireNo=1
SIM_ABORT	day2_scenario5	1.824s	22.663m
APPLICATION	CarMaker 14.1.1 - Car_Generic #5 (win64-14.1.1)
COMPILED	jetbrains@2dc68d98a08b 2025-07-07 15:00:46
 
		I/O Configuration: default
SIM_START	day2_scenario5	2025-11-13 16:12:20
TIME	0.000
SIMULATE	day2_scenario5

TIME	4.564
ERROR		Vehicle leaves road at about x=19.0003, y=64.4366 TireNo=0
SIM_ABORT	day2_scenario5	4.567s	62.3362m
APPLICATION	CarMaker 14.1.1 - Car_Generic #5 (win64-14.1.1)
COMPILED	jetbrains@2dc68d98a08b 2025-07-07 15:00:46
 
		I/O Configuration: default
SIM_START	day2_scenario5	2025-11-13 16:12:38
TIME	0.000
SIMULATE	day2_scenario5

TIME	3.180
ERROR		Vehicle leaves road at about x=4.10263, y=38.9447 TireNo=0
SIM_ABORT	day2_scenario5	3.183s	35.1391m
APPLICATION	CarMaker 14.1.1 - Car_Generic #5 (win64-14.1.1)
COMPILED	jetbrains@2dc68d98a08b 2025-07-07 15:00:46
 
		I/O Configuration: default
SIM_START	day2_scenario5	2025-11-13 16:13:58
TIME	0.000
SIMULATE	day2_scenario5

TIME	3.180
ERROR		Vehicle leaves road at about x=4.10263, y=38.9447 TireNo=0
SIM_ABORT	day2_scenario5	3.183s	35.1391m
APPLICATION	CarMaker 14.1.1 - Car_Generic #5 (win64-14.1.1)
COMPILED	jetbrains@2dc68d98a08b 2025-07-07 15:00:46
 
		I/O Configuration: default
SIM_START	day2_scenario5	2025-11-13 16:16:27
TIME	0.000
SIMULATE	day2_scenario5

TIME	3.180
ERROR		Vehicle leaves road at about x=4.10263, y=38.9447 TireNo=0
SIM_ABORT	day2_scenario5	3.183s	35.1391m
APPLICATION	CarMaker 14.1.1 - Car_Generic #5 (win64-14.1.1)
COMPILED	jetbrains@2dc68d98a08b 2025-07-07 15:00:46
 
		I/O Configuration: default
SIM_START	day2_scenario5	2025-11-13 16:17:27
TIME	0.000
SIMULATE	day2_scenario5

TIME	3.180
ERROR		Vehicle leaves road at about x=4.10263, y=38.9447 TireNo=0
SIM_ABORT	day2_scenario5	3.183s	35.1391m
APPLICATION	CarMaker 14.1.1 - Car_Generic #5 (win64-14.1.1)
COMPILED	jetbrains@2dc68d98a08b 2025-07-07 15:00:46
 
		I/O Configuration: default
SIM_START	day2_scenario4	2025-11-13 16:19:35
TIME	0.000
SIMULATE	day2_scenario4

TIME	12.726
SIM_END		day2_scenario4	12.723s	175.498m
APPLICATION	CarMaker 14.1.1 - Car_Generic #5 (win64-14.1.1)
COMPILED	jetbrains@2dc68d98a08b 2025-07-07 15:00:46
 
		I/O Configuration: default
SIM_START	day2_scenario4	2025-11-13 16:20:18
TIME	0.000
SIMULATE	day2_scenario4

TIME	4.853
SIM_END		day2_scenario4	4.85s	66.5621m
APPLICATION	CarMaker 14.1.1 - Car_Generic #5 (win64-14.1.1)
COMPILED	jetbrains@2dc68d98a08b 2025-07-07 15:00:46
 
		I/O Configuration: default
SIM_START	day2_scenario4	2025-11-13 16:22:08
TIME	0.000
SIMULATE	day2_scenario4

TIME	2.053
SIM_END		day2_scenario4	2.05s	28.0425m
APPLICATION	CarMaker 14.1.1 - Car_Generic #5 (win64-14.1.1)
COMPILED	jetbrains@2dc68d98a08b 2025-07-07 15:00:46
 
		I/O Configuration: default
SIM_START	day2_scenario5	2025-11-13 16:23:03
TIME	0.000
SIMULATE	day2_scenario5

SIM_END		day2_scenario5	0.579s	7.60032m
APPLICATION	CarMaker 14.1.1 - Car_Generic #5 (win64-14.1.1)
COMPILED	jetbrains@2dc68d98a08b 2025-07-07 15:00:46
 
		I/O Configuration: default
SIM_START	day2_scenario5	2025-11-13 16:25:05
TIME	0.000
SIMULATE	day2_scenario5

ERROR		Vehicle leaves road at about x=16.8425, y=23.7979 TireNo=1
SIM_ABORT	day2_scenario5	1.932s	24.0723m
APPLICATION	CarMaker 14.1.1 - Car_Generic #5 (win64-14.1.1)
COMPILED	jetbrains@2dc68d98a08b 2025-07-07 15:00:46
 
		I/O Configuration: default
SIM_START	day2_scenario5	2025-11-13 16:26:26
TIME	0.000
SIMULATE	day2_scenario5

ERROR		Vehicle leaves road at about x=16.8425, y=23.7979 TireNo=1
SIM_ABORT	day2_scenario5	1.932s	24.0723m
APPLICATION	CarMaker 14.1.1 - Car_Generic #5 (win64-14.1.1)
COMPILED	jetbrains@2dc68d98a08b 2025-07-07 15:00:46
 
		I/O Configuration: default
SIM_START	day2_scenario5	2025-11-13 16:27:47
TIME	0.000
SIMULATE	day2_scenario5

ERROR		Vehicle leaves road at about x=16.2566, y=21.6382 TireNo=1
SIM_ABORT	day2_scenario5	1.81s	22.2959m
APPLICATION	CarMaker 14.1.1 - Car_Generic #5 (win64-14.1.1)
COMPILED	jetbrains@2dc68d98a08b 2025-07-07 15:00:46
 
		I/O Configuration: default
SIM_START	day2_scenario5	2025-11-13 16:33:27
TIME	0.000
SIMULATE	day2_scenario5

TIME	2.918
ERROR		Vehicle leaves road at about x=6.19002, y=43.7357 TireNo=0
SIM_ABORT	day2_scenario5	2.921s	39.8825m
APPLICATION	CarMaker 14.1.1 - Car_Generic #5 (win64-14.1.1)
COMPILED	jetbrains@2dc68d98a08b 2025-07-07 15:00:46
 
		I/O Configuration: default
SIM_START	day2_scenario5	2025-11-13 16:33:49
TIME	0.000
SIMULATE	day2_scenario5

TIME	3.072
ERROR		Vehicle leaves road at about x=7.07721, y=45.5834 TireNo=0
SIM_ABORT	day2_scenario5	3.075s	41.7593m
APPLICATION	CarMaker 14.1.1 - Car_Generic #5 (win64-14.1.1)
COMPILED	jetbrains@2dc68d98a08b 2025-07-07 15:00:46
 
		I/O Configuration: default
SIM_START	day2_scenario5	2025-11-13 16:34:05
TIME	0.000
SIMULATE	day2_scenario5

TIME	3.072
ERROR		Vehicle leaves road at about x=7.07721, y=45.5834 TireNo=0
SIM_ABORT	day2_scenario5	3.075s	41.7593m
APPLICATION	CarMaker 14.1.1 - Car_Generic #5 (win64-14.1.1)
COMPILED	jetbrains@2dc68d98a08b 2025-07-07 15:00:46
 
		I/O Configuration: default
SIM_START	day2_scenario5	2025-11-13 16:35:50
TIME	0.000
SIMULATE	day2_scenario5

TIME	3.401
ERROR		Vehicle leaves road at about x=3.8671, y=38.3577 TireNo=0
SIM_ABORT	day2_scenario5	3.404s	34.5035m
APPLICATION	CarMaker 14.1.1 - Car_Generic #5 (win64-14.1.1)
COMPILED	jetbrains@2dc68d98a08b 2025-07-07 15:00:46
 
		I/O Configuration: default
SIM_START	day2_scenario3	2025-11-13 16:39:00
TIME	0.001
		Current random seed value = 1763019540
TIME	0.000
SIMULATE	day2_scenario3

TIME	18.798
SIM_END		day2_scenario3	18.795s	172.643m
APPLICATION	CarMaker 14.1.1 - Car_Generic #5 (win64-14.1.1)
COMPILED	jetbrains@2dc68d98a08b 2025-07-07 15:00:46
 
		I/O Configuration: default
SIM_START	day2_scenario3	2025-11-13 16:39:23
TIME	0.001
		Current random seed value = 1763019563
TIME	0.000
SIMULATE	day2_scenario3

TIME	33.620
SIM_END		day2_scenario3	33.617s	312.301m
APPLICATION	CarMaker 14.1.1 - Car_Generic #5 (win64-14.1.1)
COMPILED	jetbrains@2dc68d98a08b 2025-07-07 15:00:46
 
		I/O Configuration: default
SIM_START	day2_scenario3	2025-11-13 16:40:08
TIME	0.001
		Current random seed value = 1763019608
TIME	0.000
SIMULATE	day2_scenario3

TIME	32.849
SIM_END		day2_scenario3	32.846s	316.22m
APPLICATION	CarMaker 14.1.1 - Car_Generic #5 (win64-14.1.1)
COMPILED	jetbrains@2dc68d98a08b 2025-07-07 15:00:46
 
		I/O Configuration: default
SIM_START	day2_scenario3	2025-11-13 16:40:46
TIME	0.001
		Current random seed value = 1763019646
TIME	0.000
SIMULATE	day2_scenario3

TIME	25.588
SIM_END		day2_scenario3	25.585s	226.56m
APPLICATION	CarMaker 14.1.1 - Car_Generic #5 (win64-14.1.1)
COMPILED	jetbrains@2dc68d98a08b 2025-07-07 15:00:46
 
		I/O Configuration: default
SIM_START	day2_scenario5	2025-11-13 16:43:22
TIME	0.000
SIMULATE	day2_scenario5

TIME	3.401
ERROR		Vehicle leaves road at about x=3.8671, y=38.3577 TireNo=0
SIM_ABORT	day2_scenario5	3.404s	34.5035m
APPLICATION	CarMaker 14.1.1 - Car_Generic #5 (win64-14.1.1)
COMPILED	jetbrains@2dc68d98a08b 2025-07-07 15:00:46
 
		I/O Configuration: default
SIM_START	day2_scenario4	2025-11-13 17:17:49
TIME	0.000
SIMULATE	day2_scenario4

ERROR		Vehicle leaves road at about x=17.5775, y=3.59149 TireNo=0
SIM_ABORT	day2_scenario4	1.184s	15.7763m
APPLICATION	CarMaker 14.1.1 - Car_Generic #5 (win64-14.1.1)
COMPILED	jetbrains@2dc68d98a08b 2025-07-07 15:00:46
 
		I/O Configuration: default
SIM_START	day2_scenario5	2025-11-13 17:18:38
TIME	0.000
SIMULATE	day2_scenario5

TIME	3.401
ERROR		Vehicle leaves road at about x=3.8671, y=38.3577 TireNo=0
SIM_ABORT	day2_scenario5	3.404s	34.5035m
APPLICATION	CarMaker 14.1.1 - Car_Generic #5 (win64-14.1.1)
COMPILED	jetbrains@2dc68d98a08b 2025-07-07 15:00:46
 
		I/O Configuration: default
SIM_START	day2_scenario4	2025-11-13 17:27:27
TIME	0.000
SIMULATE	day2_scenario4

ERROR		Vehicle leaves road at about x=18.3615, y=3.59465 TireNo=0
SIM_ABORT	day2_scenario4	1.26s	16.5201m
APPLICATION	CarMaker 14.1.1 - Car_Generic #5 (win64-14.1.1)
COMPILED	jetbrains@2dc68d98a08b 2025-07-07 15:00:46
 
		I/O Configuration: default
SIM_START	day2_scenario4	2025-11-13 17:28:42
TIME	0.000
SIMULATE	day2_scenario4

TIME	2.617
ERROR		Vehicle leaves road at about x=29.3687, y=-13.3547 TireNo=1
SIM_ABORT	day2_scenario4	2.62s	28.0015m
APPLICATION	CarMaker 14.1.1 - Car_Generic #5 (win64-14.1.1)
COMPILED	jetbrains@2dc68d98a08b 2025-07-07 15:00:46
 
		I/O Configuration: default
SIM_START	day2_scenario4	2025-11-13 17:29:10
TIME	0.000
SIMULATE	day2_scenario4

ERROR		Vehicle leaves road at about x=18.78, y=3.59927 TireNo=0
SIM_ABORT	day2_scenario4	1.352s	16.9109m
APPLICATION	CarMaker 14.1.1 - Car_Generic #5 (win64-14.1.1)
COMPILED	jetbrains@2dc68d98a08b 2025-07-07 15:00:46
 
		I/O Configuration: default
SIM_START	day2_scenario4	2025-11-13 17:29:52
TIME	0.000
SIMULATE	day2_scenario4

ERROR		Vehicle leaves road at about x=19.5309, y=3.60465 TireNo=0
SIM_ABORT	day2_scenario4	1.36s	17.5841m
APPLICATION	CarMaker 14.1.1 - Car_Generic #5 (win64-14.1.1)
COMPILED	jetbrains@2dc68d98a08b 2025-07-07 15:00:46
 
		I/O Configuration: default
SIM_START	day2_scenario4	2025-11-13 17:30:06
TIME	0.000
SIMULATE	day2_scenario4

ERROR		Vehicle leaves road at about x=20.6021, y=3.60376 TireNo=0
SIM_ABORT	day2_scenario4	1.391s	18.5747m
APPLICATION	CarMaker 14.1.1 - Car_Generic #5 (win64-14.1.1)
COMPILED	jetbrains@2dc68d98a08b 2025-07-07 15:00:46
 
		I/O Configuration: default
SIM_START	day2_scenario4	2025-11-13 17:30:54
TIME	0.000
SIMULATE	day2_scenario4

ERROR		Vehicle leaves road at about x=22.0817, y=3.61596 TireNo=0
SIM_ABORT	day2_scenario4	1.464s	19.9271m
APPLICATION	CarMaker 14.1.1 - Car_Generic #5 (win64-14.1.1)
COMPILED	jetbrains@2dc68d98a08b 2025-07-07 15:00:46
 
		I/O Configuration: default
SIM_START	day2_scenario4	2025-11-13 17:31:14
TIME	0.000
SIMULATE	day2_scenario4

TIME	16.698
SIM_END		day2_scenario4	16.695s	230.649m
APPLICATION	CarMaker 14.1.1 - Car_Generic #5 (win64-14.1.1)
COMPILED	jetbrains@2dc68d98a08b 2025-07-07 15:00:46
 
		I/O Configuration: default
SIM_START	day2_scenario4	2025-11-13 17:32:19
TIME	0.000
SIMULATE	day2_scenario4

ERROR		Vehicle leaves road at about x=22.0817, y=3.61596 TireNo=0
SIM_ABORT	day2_scenario4	1.464s	19.9271m
APPLICATION	CarMaker 14.1.1 - Car_Generic #5 (win64-14.1.1)
COMPILED	jetbrains@2dc68d98a08b 2025-07-07 15:00:46
 
		I/O Configuration: default
SIM_START	day2_scenario4	2025-11-13 17:32:37
TIME	0.000
SIMULATE	day2_scenario4

ERROR		Vehicle leaves road at about x=22.0817, y=3.61596 TireNo=0
SIM_ABORT	day2_scenario4	1.464s	19.9271m
APPLICATION	CarMaker 14.1.1 - Car_Generic #5 (win64-14.1.1)
COMPILED	jetbrains@2dc68d98a08b 2025-07-07 15:00:46
 
		I/O Configuration: default
SIM_START	day2_scenario5	2025-11-13 17:32:50
TIME	0.000
SIMULATE	day2_scenario5

TIME	6.741
ERROR		Vehicle leaves road at about x=23.3248, y=69.5249 TireNo=0
SIM_ABORT	day2_scenario5	6.744s	68.5666m
APPLICATION	CarMaker 14.1.1 - Car_Generic #5 (win64-14.1.1)
COMPILED	jetbrains@2dc68d98a08b 2025-07-07 15:00:46
 
		I/O Configuration: default
SIM_START	day2_scenario5	2025-11-13 17:34:54
TIME	0.000
SIMULATE	day2_scenario5

SIM_END		day2_scenario5	1.173s	13.2361m
APPLICATION	CarMaker 14.1.1 - Car_Generic #5 (win64-14.1.1)
COMPILED	jetbrains@2dc68d98a08b 2025-07-07 15:00:46
 
		I/O Configuration: default
SIM_START	day2_scenario5	2025-11-13 17:36:51
TIME	0.000
SIMULATE	day2_scenario5

TIME	2.153
SIM_END		day2_scenario5	2.15s	22.3175m
APPLICATION	CarMaker 14.1.1 - Car_Generic #5 (win64-14.1.1)
COMPILED	jetbrains@2dc68d98a08b 2025-07-07 15:00:46
 
		I/O Configuration: default
SIM_START	day2_scenario5	2025-11-13 17:37:37
TIME	0.000
SIMULATE	day2_scenario5

TIME	3.576
SIM_END		day2_scenario5	3.573s	36.2625m
APPLICATION	CarMaker 14.1.1 - Car_Generic #5 (win64-14.1.1)
COMPILED	jetbrains@2dc68d98a08b 2025-07-07 15:00:46
 
		I/O Configuration: default
SIM_START	day2_scenario5	2025-11-13 17:40:29
TIME	0.000
SIMULATE	day2_scenario5

TIME	2.935
SIM_END		day2_scenario5	2.932s	29.859m
APPLICATION	CarMaker 14.1.1 - Car_Generic #5 (win64-14.1.1)
COMPILED	jetbrains@2dc68d98a08b 2025-07-07 15:00:46
 
		I/O Configuration: default
SIM_START	day2_scenario5	2025-11-13 17:47:15
TIME	0.000
SIMULATE	day2_scenario5

TIME	2.684
ERROR		Vehicle leaves road at about x=4.76541, y=40.5331 TireNo=0
SIM_ABORT	day2_scenario5	2.687s	36.6875m
APPLICATION	CarMaker 14.1.1 - Car_Generic #5 (win64-14.1.1)
COMPILED	jetbrains@2dc68d98a08b 2025-07-07 15:00:46
 
		I/O Configuration: default
SIM_START	day2_scenario5	2025-11-13 17:47:43
TIME	0.000
SIMULATE	day2_scenario5

TIME	2.684
ERROR		Vehicle leaves road at about x=4.7654, y=40.5331 TireNo=0
SIM_ABORT	day2_scenario5	2.687s	36.6875m
APPLICATION	CarMaker 14.1.1 - Car_Generic #5 (win64-14.1.1)
COMPILED	jetbrains@2dc68d98a08b 2025-07-07 15:00:46
 
		I/O Configuration: default
SIM_START	day2_scenario5	2025-11-13 17:49:10
TIME	0.000
SIMULATE	day2_scenario5

TIME	8.774
ERROR		Vehicle leaves road at about x=38.5714, y=83.3017 TireNo=0
SIM_ABORT	day2_scenario5	8.777s	91.9075m
APPLICATION	CarMaker 14.1.1 - Car_Generic #5 (win64-14.1.1)
COMPILED	jetbrains@2dc68d98a08b 2025-07-07 15:00:46
 
		I/O Configuration: default
SIM_START	day2_scenario5	2025-11-13 17:49:57
TIME	0.000
SIMULATE	day2_scenario5

TIME	10.335
ERROR		Vehicle leaves road at about x=40.1155, y=84.4175 TireNo=0
SIM_ABORT	day2_scenario5	10.338s	93.0486m
APPLICATION	CarMaker 14.1.1 - Car_Generic #5 (win64-14.1.1)
COMPILED	jetbrains@2dc68d98a08b 2025-07-07 15:00:46
 
		I/O Configuration: default
SIM_START	day2_scenario5	2025-11-13 17:50:23
TIME	0.000
SIMULATE	day2_scenario5

TIME	8.915
SIM_END		day2_scenario5	8.912s	87.2873m
APPLICATION	CarMaker 14.1.1 - Car_Generic #5 (win64-14.1.1)
COMPILED	jetbrains@2dc68d98a08b 2025-07-07 15:00:46
 
		I/O Configuration: default
SIM_START	day2_scenario5	2025-11-13 17:50:48
TIME	0.000
SIMULATE	day2_scenario5

TIME	11.305
ERROR		Vehicle leaves road at about x=45.7962, y=88.1736 TireNo=0
SIM_ABORT	day2_scenario5	11.308s	99.0636m
APPLICATION	CarMaker 14.1.1 - Car_Generic #5 (win64-14.1.1)
COMPILED	jetbrains@2dc68d98a08b 2025-07-07 15:00:46
 
		I/O Configuration: default
SIM_START	day2_scenario5	2025-11-13 17:52:14
TIME	0.000
SIMULATE	day2_scenario5

TIME	3.543
ERROR		Vehicle leaves road at about x=6.89195, y=45.207 TireNo=0
SIM_ABORT	day2_scenario5	3.546s	41.4115m
APPLICATION	CarMaker 14.1.1 - Car_Generic #5 (win64-14.1.1)
COMPILED	jetbrains@2dc68d98a08b 2025-07-07 15:00:46
 
		I/O Configuration: default
SIM_START	day2_scenario5	2025-11-13 17:57:54
TIME	0.000
SIMULATE	day2_scenario5

TIME	46.011
SIM_END		day2_scenario5	46.011s	638.261m
APPLICATION	CarMaker 14.1.1 - Car_Generic #5 (win64-14.1.1)
COMPILED	jetbrains@2dc68d98a08b 2025-07-07 15:00:46
 
		I/O Configuration: default
SIM_START	day2_scenario5	2025-11-13 18:00:27
TIME	0.000
SIMULATE	day2_scenario5

TIME	28.920
SIM_END		day2_scenario5	28.917s	400.7m
APPLICATION	CarMaker 14.1.1 - Car_Generic #5 (win64-14.1.1)
COMPILED	jetbrains@2dc68d98a08b 2025-07-07 15:00:46
 
		I/O Configuration: default
SIM_START	day2_scenario5	2025-11-13 18:01:09
TIME	0.000
SIMULATE	day2_scenario5

TIME	35.245
SIM_END		day2_scenario5	35.242s	488.605m
APPLICATION	CarMaker 14.1.1 - Car_Generic #5 (win64-14.1.1)
COMPILED	jetbrains@2dc68d98a08b 2025-07-07 15:00:46
 
		I/O Configuration: default
SIM_START	day2_scenario5	2025-11-13 18:03:45
TIME	0.000
SIMULATE	day2_scenario5

TIME	5.229
SIM_END		day2_scenario5	5.226s	71.6703m
APPLICATION	CarMaker 14.1.1 - Car_Generic #5 (win64-14.1.1)
COMPILED	jetbrains@2dc68d98a08b 2025-07-07 15:00:46
 
		I/O Configuration: default
SIM_START	day2_scenario5	2025-11-13 18:04:06
TIME	0.000
SIMULATE	day2_scenario5

TIME	45.399
SIM_END		day2_scenario5	45.399s	629.758m
APPLICATION	CarMaker 14.1.1 - Car_Generic #5 (win64-14.1.1)
COMPILED	jetbrains@2dc68d98a08b 2025-07-07 15:00:46
 
		I/O Configuration: default
SIM_START	day2_scenario5	2025-11-13 18:05:41
TIME	0.000
SIMULATE	day2_scenario5

TIME	26.830
SIM_END		day2_scenario5	26.827s	371.595m
APPLICATION	CarMaker 14.1.1 - Car_Generic #5 (win64-14.1.1)
COMPILED	jetbrains@2dc68d98a08b 2025-07-07 15:00:46
 
		I/O Configuration: default
SIM_START	day2_scenario5	2025-11-13 18:06:31
TIME	0.000
SIMULATE	day2_scenario5

TIME	28.015
SIM_END		day2_scenario5	28.012s	388.087m
APPLICATION	CarMaker 14.1.1 - Car_Generic #5 (win64-14.1.1)
COMPILED	jetbrains@2dc68d98a08b 2025-07-07 15:00:46
 
		I/O Configuration: default
SIM_START	day2_scenario5	2025-11-13 18:07:18
TIME	0.000
SIMULATE	day2_scenario5

TIME	44.667
SIM_END		day2_scenario5	44.667s	619.575m
APPLICATION	CarMaker 14.1.1 - Car_Generic #5 (win64-14.1.1)
COMPILED	jetbrains@2dc68d98a08b 2025-07-07 15:00:46
 
		I/O Configuration: default
SIM_START	day2_scenario5	2025-11-13 18:08:51
TIME	0.000
SIMULATE	day2_scenario5

TIME	29.448
SIM_END		day2_scenario5	29.445s	408.029m
APPLICATION	CarMaker 14.1.1 - Car_Generic #5 (win64-14.1.1)
COMPILED	jetbrains@2dc68d98a08b 2025-07-07 15:00:46
 
		I/O Configuration: default
SIM_START	day2_scenario5	2025-11-13 18:09:42
TIME	0.000
SIMULATE	day2_scenario5

TIME	45.158
SIM_END		day2_scenario5	45.158s	626.405m
APPLICATION	CarMaker 14.1.1 - Car_Generic #5 (win64-14.1.1)
COMPILED	jetbrains@2dc68d98a08b 2025-07-07 15:00:46
 
		I/O Configuration: default
SIM_START	day2_scenario5	2025-11-13 18:10:43
TIME	0.000
SIMULATE	day2_scenario5

TIME	17.783
SIM_END		day2_scenario5	17.78s	245.825m
APPLICATION	CarMaker 14.1.1 - Car_Generic #5 (win64-14.1.1)
COMPILED	jetbrains@2dc68d98a08b 2025-07-07 15:00:46
 
		I/O Configuration: default
SIM_START	day2_scenario5	2025-11-13 18:11:10
TIME	0.000
SIMULATE	day2_scenario5

TIME	36.431
SIM_END		day2_scenario5	36.428s	505.089m
APPLICATION	CarMaker 14.1.1 - Car_Generic #5 (win64-14.1.1)
COMPILED	jetbrains@2dc68d98a08b 2025-07-07 15:00:46
 
		I/O Configuration: default
SIM_START	day2_scenario4	2025-11-13 18:12:11
TIME	0.000
SIMULATE	day2_scenario4

TIME	13.616
SIM_END		day2_scenario4	13.613s	187.871m
APPLICATION	CarMaker 14.1.1 - Car_Generic #5 (win64-14.1.1)
COMPILED	jetbrains@2dc68d98a08b 2025-07-07 15:00:46
 
		I/O Configuration: default
SIM_START	day2_scenario4	2025-11-13 18:12:34
TIME	0.000
SIMULATE	day2_scenario4

TIME	6.146
SIM_END		day2_scenario4	6.143s	84.2286m
APPLICATION	CarMaker 14.1.1 - Car_Generic #5 (win64-14.1.1)
COMPILED	jetbrains@2dc68d98a08b 2025-07-07 15:00:46
 
		I/O Configuration: default
SIM_START	day2_scenario4	2025-11-13 18:12:49
TIME	0.000
SIMULATE	day2_scenario4

TIME	9.207
SIM_END		day2_scenario4	9.204s	126.478m
APPLICATION	CarMaker 14.1.1 - Car_Generic #5 (win64-14.1.1)
COMPILED	jetbrains@2dc68d98a08b 2025-07-07 15:00:46
 
		I/O Configuration: default
SIM_START	day2_scenario4	2025-11-13 18:13:12
TIME	0.000
SIMULATE	day2_scenario4

TIME	15.187
SIM_END		day2_scenario4	15.184s	209.646m
APPLICATION	CarMaker 14.1.1 - Car_Generic #5 (win64-14.1.1)
COMPILED	jetbrains@2dc68d98a08b 2025-07-07 15:00:46
 
		I/O Configuration: default
SIM_START	day2_scenario4	2025-11-13 18:13:38
TIME	0.000
SIMULATE	day2_scenario4

TIME	12.789
SIM_END		day2_scenario4	12.786s	176.338m
APPLICATION	CarMaker 14.1.1 - Car_Generic #5 (win64-14.1.1)
COMPILED	jetbrains@2dc68d98a08b 2025-07-07 15:00:46
 
		I/O Configuration: default
SIM_START	day2_scenario4	2025-11-13 18:13:59
TIME	0.000
SIMULATE	day2_scenario4

TIME	4.761
SIM_END		day2_scenario4	4.758s	65.1648m
APPLICATION	CarMaker 14.1.1 - Car_Generic #5 (win64-14.1.1)
COMPILED	jetbrains@2dc68d98a08b 2025-07-07 15:00:46
 
		I/O Configuration: default
SIM_START	day2_scenario4	2025-11-13 18:14:13
TIME	0.000
SIMULATE	day2_scenario4

TIME	7.942
SIM_END		day2_scenario4	7.939s	108.889m
APPLICATION	CarMaker 14.1.1 - Car_Generic #5 (win64-14.1.1)
COMPILED	jetbrains@2dc68d98a08b 2025-07-07 15:00:46
 
		I/O Configuration: default
SIM_START	day2_scenario4	2025-11-13 18:14:31
TIME	0.000
SIMULATE	day2_scenario4

TIME	7.932
SIM_END		day2_scenario4	7.929s	108.755m
APPLICATION	CarMaker 14.1.1 - Car_Generic #5 (win64-14.1.1)
COMPILED	jetbrains@2dc68d98a08b 2025-07-07 15:00:46
 
		I/O Configuration: default
SIM_START	day2_scenario4	2025-11-13 18:14:47
TIME	0.000
SIMULATE	day2_scenario4

TIME	8.655
SIM_END		day2_scenario4	8.652s	118.792m
APPLICATION	CarMaker 14.1.1 - Car_Generic #5 (win64-14.1.1)
COMPILED	jetbrains@2dc68d98a08b 2025-07-07 15:00:46
 
		I/O Configuration: default
SIM_START	day2_scenario4	2025-11-13 18:15:03
TIME	0.000
SIMULATE	day2_scenario4

TIME	3.203
SIM_END		day2_scenario4	3.2s	43.6838m
APPLICATION	CarMaker 14.1.1 - Car_Generic #5 (win64-14.1.1)
COMPILED	jetbrains@2dc68d98a08b 2025-07-07 15:00:46
 
		I/O Configuration: default
SIM_START	day2_scenario4	2025-11-13 18:15:17
TIME	0.000
SIMULATE	day2_scenario4

TIME	4.309
SIM_END		day2_scenario4	4.306s	59.0127m
APPLICATION	CarMaker 14.1.1 - Car_Generic #5 (win64-14.1.1)
COMPILED	jetbrains@2dc68d98a08b 2025-07-07 15:00:46
 
		I/O Configuration: default
SIM_START	day2_scenario4	2025-11-13 18:15:31
TIME	0.000
SIMULATE	day2_scenario4

TIME	12.334
SIM_END		day2_scenario4	12.331s	170.051m
APPLICATION	CarMaker 14.1.1 - Car_Generic #5 (win64-14.1.1)
COMPILED	jetbrains@2dc68d98a08b 2025-07-07 15:00:46
 
		I/O Configuration: default
SIM_START	day2_scenario4	2025-11-13 18:15:54
TIME	0.000
SIMULATE	day2_scenario4

TIME	2.917
SIM_END		day2_scenario4	2.914s	39.7095m
APPLICATION	CarMaker 14.1.1 - Car_Generic #5 (win64-14.1.1)
COMPILED	jetbrains@2dc68d98a08b 2025-07-07 15:00:46
 
		I/O Configuration: default
SIM_START	day2_scenario4	2025-11-13 18:16:08
TIME	0.000
SIMULATE	day2_scenario4

TIME	13.636
SIM_END		day2_scenario4	13.633s	188.132m
APPLICATION	CarMaker 14.1.1 - Car_Generic #5 (win64-14.1.1)
COMPILED	jetbrains@2dc68d98a08b 2025-07-07 15:00:46
 
		I/O Configuration: default
SIM_START	day2_scenario5	2025-11-13 18:16:36
TIME	0.000
SIMULATE	day2_scenario5

TIME	26.849
SIM_END		day2_scenario5	26.846s	371.873m
APPLICATION	CarMaker 14.1.1 - Car_Generic #5 (win64-14.1.1)
COMPILED	jetbrains@2dc68d98a08b 2025-07-07 15:00:46
 
		I/O Configuration: default
SIM_START	day2_scenario5	2025-11-13 18:17:14
TIME	0.000
SIMULATE	day2_scenario5

TIME	4.781
SIM_END		day2_scenario5	4.778s	65.5276m
APPLICATION	CarMaker 14.1.1 - Car_Generic #5 (win64-14.1.1)
COMPILED	jetbrains@2dc68d98a08b 2025-07-07 15:00:46
 
		I/O Configuration: default
SIM_START	day2_scenario5	2025-11-13 18:17:27
TIME	0.000
SIMULATE	day2_scenario5

TIME	8.759
SIM_END		day2_scenario5	8.756s	120.262m
APPLICATION	CarMaker 14.1.1 - Car_Generic #5 (win64-14.1.1)
COMPILED	jetbrains@2dc68d98a08b 2025-07-07 15:00:46
 
		I/O Configuration: default
SIM_START	day2_scenario5	2025-11-13 18:17:44
TIME	0.000
SIMULATE	day2_scenario5

TIME	4.805
SIM_END		day2_scenario5	4.802s	65.8687m
APPLICATION	CarMaker 14.1.1 - Car_Generic #5 (win64-14.1.1)
COMPILED	jetbrains@2dc68d98a08b 2025-07-07 15:00:46
 
		I/O Configuration: default
SIM_START	day2_scenario5	2025-11-13 18:17:59
TIME	0.000
SIMULATE	day2_scenario5

TIME	7.351
SIM_END		day2_scenario5	7.348s	100.766m
APPLICATION	CarMaker 14.1.1 - Car_Generic #5 (win64-14.1.1)
COMPILED	jetbrains@2dc68d98a08b 2025-07-07 15:00:46
 
		I/O Configuration: default
SIM_START	day2_scenario5	2025-11-13 18:18:17
TIME	0.000
SIMULATE	day2_scenario5

TIME	39.767
SIM_END		day2_scenario5	39.764s	551.459m
APPLICATION	CarMaker 14.1.1 - Car_Generic #5 (win64-14.1.1)
COMPILED	jetbrains@2dc68d98a08b 2025-07-07 15:00:46
 
		I/O Configuration: default
SIM_START	day2_scenario5	2025-11-13 18:19:07
TIME	0.000
SIMULATE	day2_scenario5

TIME	16.545
SIM_END		day2_scenario5	16.542s	228.63m
APPLICATION	CarMaker 14.1.1 - Car_Generic #5 (win64-14.1.1)
COMPILED	jetbrains@2dc68d98a08b 2025-07-07 15:00:46
 
		I/O Configuration: default
SIM_START	day2_scenario5	2025-11-13 18:19:32
TIME	0.000
SIMULATE	day2_scenario5

TIME	5.767
SIM_END		day2_scenario5	5.764s	79.0255m
APPLICATION	CarMaker 14.1.1 - Car_Generic #5 (win64-14.1.1)
COMPILED	jetbrains@2dc68d98a08b 2025-07-07 15:00:46
 
		I/O Configuration: default
SIM_START	day2_scenario5	2025-11-13 18:19:47
TIME	0.000
SIMULATE	day2_scenario5

TIME	16.424
SIM_END		day2_scenario5	16.421s	226.946m
APPLICATION	CarMaker 14.1.1 - Car_Generic #5 (win64-14.1.1)
COMPILED	jetbrains@2dc68d98a08b 2025-07-07 15:00:46
 
		I/O Configuration: default
SIM_START	day2_scenario5	2025-11-13 18:20:15
TIME	0.000
SIMULATE	day2_scenario5

TIME	36.634
SIM_END		day2_scenario5	36.631s	507.906m
APPLICATION	CarMaker 14.1.1 - Car_Generic #5 (win64-14.1.1)
COMPILED	jetbrains@2dc68d98a08b 2025-07-07 15:00:46
 
		I/O Configuration: default
SIM_START	day2_scenario5	2025-11-13 18:21:01
TIME	0.000
SIMULATE	day2_scenario5

TIME	30.132
SIM_END		day2_scenario5	30.129s	417.53m
APPLICATION	CarMaker 14.1.1 - Car_Generic #5 (win64-14.1.1)
COMPILED	jetbrains@2dc68d98a08b 2025-07-07 15:00:46
 
		I/O Configuration: default
SIM_START	day2_scenario5	2025-11-13 18:44:41
TIME	0.000
SIMULATE	day2_scenario5

TIME	5.051
SIM_END		day2_scenario5	5.048s	69.2511m
