APPLICATION	CarMaker 14.1.1 - Car_Generic #5 (win64-14.1.1)
COMPILED	jetbrains@2dc68d98a08b 2025-07-07 15:00:46
 
		I/O Configuration: default
SIM_START	day1_scenario1	2025-11-11 15:23:25
TIME	0.000
SIMULATE	day1_scenario1

TIME	24.619
SIM_END		day1_scenario1	24.616s	408.974m
APPLICATION	CarMaker 14.1.1 - Car_Generic #5 (win64-14.1.1)
COMPILED	jetbrains@2dc68d98a08b 2025-07-07 15:00:46
 
		I/O Configuration: default
SIM_START	day1_scenario1	2025-11-11 15:23:55
TIME	0.000
SIMULATE	day1_scenario1

TIME	16.048
SIM_END		day1_scenario1	16.045s	266.12m
APPLICATION	CarMaker 14.1.1 - Car_Generic #5 (win64-14.1.1)
COMPILED	jetbrains@2dc68d98a08b 2025-07-07 15:00:46
 
		I/O Configuration: default
SIM_START	day1_scenario2	2025-11-11 15:24:24
TIME	0.000
SIMULATE	day1_scenario2

TIME	9.754
SIM_END		day1_scenario2	9.751s	162.315m
APPLICATION	CarMaker 14.1.1 - Car_Generic #5 (win64-14.1.1)
COMPILED	jetbrains@2dc68d98a08b 2025-07-07 15:00:46
 
		I/O Configuration: default
SIM_START	day1_scenario1	2025-11-11 15:26:13
TIME	0.000
SIMULATE	day1_scenario1

TIME	29.801
SIM_END		day1_scenario1	29.801s	495.342m
APPLICATION	CarMaker 14.1.1 - Car_Generic #5 (win64-14.1.1)
COMPILED	jetbrains@2dc68d98a08b 2025-07-07 15:00:46
 
		I/O Configuration: default
SIM_START	day1_scenario1	2025-11-11 15:26:47
TIME	0.000
SIMULATE	day1_scenario1

TIME	29.801
SIM_END		day1_scenario1	29.801s	495.342m
APPLICATION	CarMaker 14.1.1 - Car_Generic #5 (win64-14.1.1)
COMPILED	jetbrains@2dc68d98a08b 2025-07-07 15:00:46
 
		I/O Configuration: default
SIM_START	day1_scenario1	2025-11-11 15:28:49
TIME	0.000
SIMULATE	day1_scenario1

TIME	2.717
SIM_END		day1_scenario1	2.714s	44.61m
APPLICATION	CarMaker 14.1.1 - Car_Generic #5 (win64-14.1.1)
COMPILED	jetbrains@2dc68d98a08b 2025-07-07 15:00:46
 
		I/O Configuration: default
SIM_START	day1_scenario1	2025-11-11 15:39:41
TIME	0.000
SIMULATE	day1_scenario1

TIME	29.801
SIM_END		day1_scenario1	29.801s	495.342m
APPLICATION	CarMaker 14.1.1 - Car_Generic #5 (win64-14.1.1)
COMPILED	jetbrains@2dc68d98a08b 2025-07-07 15:00:46
 
		I/O Configuration: default
SIM_START	day1_scenario1	2025-11-11 15:41:05
TIME	0.000
SIMULATE	day1_scenario1

TIME	29.801
SIM_END		day1_scenario1	29.801s	495.342m
APPLICATION	CarMaker 14.1.1 - Car_Generic #5 (win64-14.1.1)
COMPILED	jetbrains@2dc68d98a08b 2025-07-07 15:00:46
 
		I/O Configuration: default
SIM_START	day1_scenario1	2025-11-11 15:42:20
TIME	0.000
SIMULATE	day1_scenario1

TIME	29.801
SIM_END		day1_scenario1	29.801s	495.342m
APPLICATION	CarMaker 14.1.1 - Car_Generic #5 (win64-14.1.1)
COMPILED	jetbrains@2dc68d98a08b 2025-07-07 15:00:46
 
		I/O Configuration: default
SIM_START	day1_scenario1	2025-11-11 15:47:03
TIME	0.000
SIMULATE	day1_scenario1

TIME	29.801
SIM_END		day1_scenario1	29.801s	495.342m
APPLICATION	CarMaker 14.1.1 - Car_Generic #5 (win64-14.1.1)
COMPILED	jetbrains@2dc68d98a08b 2025-07-07 15:00:46
 
		I/O Configuration: default
SIM_START	day1_scenario1	2025-11-11 15:47:54
TIME	0.000
SIMULATE	day1_scenario1

TIME	24.391
SIM_END		day1_scenario1	24.388s	405.174m
APPLICATION	CarMaker 14.1.1 - Car_Generic #5 (win64-14.1.1)
COMPILED	jetbrains@2dc68d98a08b 2025-07-07 15:00:46
 
		I/O Configuration: default
SIM_START	day1_scenario1	2025-11-11 15:48:56
TIME	0.000
SIMULATE	day1_scenario1

TIME	29.801
SIM_END		day1_scenario1	29.801s	495.342m
APPLICATION	CarMaker 14.1.1 - Car_Generic #5 (win64-14.1.1)
COMPILED	jetbrains@2dc68d98a08b 2025-07-07 15:00:46
 
		I/O Configuration: default
SIM_START	day1_scenario1	2025-11-11 15:51:20
TIME	0.000
SIMULATE	day1_scenario1

TIME	23.924
SIM_END		day1_scenario1	23.921s	397.391m
APPLICATION	CarMaker 14.1.1 - Car_Generic #5 (win64-14.1.1)
COMPILED	jetbrains@2dc68d98a08b 2025-07-07 15:00:46
 
		I/O Configuration: default
SIM_START	day1_scenario1	2025-11-11 15:53:55
TIME	0.000
SIMULATE	day1_scenario1

TIME	19.315
SIM_END		day1_scenario1	19.312s	320.566m
APPLICATION	CarMaker 14.1.1 - Car_Generic #5 (win64-14.1.1)
COMPILED	jetbrains@2dc68d98a08b 2025-07-07 15:00:46
 
		I/O Configuration: default
SIM_START	day1_scenario1	2025-11-11 15:54:26
TIME	0.000
SIMULATE	day1_scenario1

TIME	29.801
SIM_END		day1_scenario1	29.801s	495.342m
APPLICATION	CarMaker 14.1.1 - Car_Generic #5 (win64-14.1.1)
COMPILED	jetbrains@2dc68d98a08b 2025-07-07 15:00:46
 
		I/O Configuration: default
SIM_START	day1_scenario1	2025-11-11 15:55:29
TIME	0.000
SIMULATE	day1_scenario1

TIME	29.801
SIM_END		day1_scenario1	29.801s	495.342m
APPLICATION	CarMaker 14.1.1 - Car_Generic #5 (win64-14.1.1)
COMPILED	jetbrains@2dc68d98a08b 2025-07-07 15:00:46
 
		I/O Configuration: default
SIM_START	day1_scenario1	2025-11-11 15:57:09
TIME	0.000
SIMULATE	day1_scenario1

TIME	28.174
SIM_END		day1_scenario1	28.174s	495.341m
APPLICATION	CarMaker 14.1.1 - Car_Generic #5 (win64-14.1.1)
COMPILED	jetbrains@2dc68d98a08b 2025-07-07 15:00:46
 
		I/O Configuration: default
SIM_START	day1_scenario1	2025-11-11 16:03:01
TIME	0.000
SIMULATE	day1_scenario1

TIME	7.141
ERROR		Vehicle leaves road at about x=101.688, y=-12.996 TireNo=1
SIM_ABORT	day1_scenario1	7.144s	101.609m
APPLICATION	CarMaker 14.1.1 - Car_Generic #5 (win64-14.1.1)
COMPILED	jetbrains@2dc68d98a08b 2025-07-07 15:00:46
 
		I/O Configuration: default
SIM_START	day1_scenario1	2025-11-11 16:06:01
TIME	0.000
SIMULATE	day1_scenario1

TIME	7.091
ERROR		Vehicle leaves road at about x=116.136, y=4.08318 TireNo=0
SIM_ABORT	day1_scenario1	7.094s	113.825m
APPLICATION	CarMaker 14.1.1 - Car_Generic #5 (win64-14.1.1)
COMPILED	jetbrains@2dc68d98a08b 2025-07-07 15:00:46
 
		I/O Configuration: default
		DVA read: Unknown quantity 'AccelCtrl.DesiredAx'
		DVA read: Unknown quantity 'Car.CFL.rz_ext'
SIM_START	day1_scenario1	2025-11-11 16:06:15
TIME	0.000
SIMULATE	day1_scenario1

TIME	7.091
ERROR		Vehicle leaves road at about x=116.136, y=4.08318 TireNo=0
SIM_ABORT	day1_scenario1	7.094s	113.825m
APPLICATION	CarMaker 14.1.1 - Car_Generic #5 (win64-14.1.1)
COMPILED	jetbrains@2dc68d98a08b 2025-07-07 15:00:46
 
		I/O Configuration: default
SIM_START	day1_scenario1	2025-11-11 16:06:27
TIME	0.000
SIMULATE	day1_scenario1

TIME	7.091
ERROR		Vehicle leaves road at about x=116.136, y=4.08318 TireNo=0
SIM_ABORT	day1_scenario1	7.094s	113.825m
APPLICATION	CarMaker 14.1.1 - Car_Generic #5 (win64-14.1.1)
COMPILED	jetbrains@2dc68d98a08b 2025-07-07 15:00:46
 
		I/O Configuration: default
SIM_START	day1_scenario1	2025-11-11 16:07:26
TIME	0.000
SIMULATE	day1_scenario1

TIME	18.555
SIM_END		day1_scenario1	18.552s	307.896m
APPLICATION	CarMaker 14.1.1 - Car_Generic #5 (win64-14.1.1)
COMPILED	jetbrains@2dc68d98a08b 2025-07-07 15:00:46
 
		I/O Configuration: default
SIM_START	day1_scenario1	2025-11-11 16:07:55
TIME	0.000
SIMULATE	day1_scenario1

TIME	8.430
ERROR		Vehicle leaves road at about x=139.293, y=4.19658 TireNo=0
SIM_ABORT	day1_scenario1	8.433s	137.254m
APPLICATION	CarMaker 14.1.1 - Car_Generic #5 (win64-14.1.1)
COMPILED	jetbrains@2dc68d98a08b 2025-07-07 15:00:46
 
		I/O Configuration: default
SIM_START	day1_scenario1	2025-11-11 16:08:23
TIME	0.000
SIMULATE	day1_scenario1

TIME	12.026
ERROR		Vehicle leaves road at about x=200.107, y=4.50688 TireNo=0
SIM_ABORT	day1_scenario1	12.029s	198.299m
APPLICATION	CarMaker 14.1.1 - Car_Generic #5 (win64-14.1.1)
COMPILED	jetbrains@2dc68d98a08b 2025-07-07 15:00:46
 
		I/O Configuration: default
SIM_START	day1_scenario1	2025-11-11 16:08:43
TIME	0.000
SIMULATE	day1_scenario1

TIME	20.952
ERROR		Vehicle leaves road at about x=162.433, y=-12.6905 TireNo=1
SIM_ABORT	day1_scenario1	20.955s	166.578m
APPLICATION	CarMaker 14.1.1 - Car_Generic #5 (win64-14.1.1)
COMPILED	jetbrains@2dc68d98a08b 2025-07-07 15:00:46
 
		I/O Configuration: default
SIM_START	day1_scenario1	2025-11-11 16:11:42
TIME	0.000
SIMULATE	day1_scenario1

TIME	4.085
ERROR		Vehicle leaves road at about x=50.4263, y=3.75468 TireNo=0
SIM_ABORT	day1_scenario1	4.088s	49.8992m
APPLICATION	CarMaker 14.1.1 - Car_Generic #5 (win64-14.1.1)
COMPILED	jetbrains@2dc68d98a08b 2025-07-07 15:00:46
 
		I/O Configuration: default
SIM_START	day1_scenario1	2025-11-11 16:12:08
TIME	0.000
SIMULATE	day1_scenario1

TIME	4.656
ERROR		Vehicle leaves road at about x=66.053, y=-13.176 TireNo=1
SIM_ABORT	day1_scenario1	4.659s	64.6093m
APPLICATION	CarMaker 14.1.1 - Car_Generic #5 (win64-14.1.1)
COMPILED	jetbrains@2dc68d98a08b 2025-07-07 15:00:46
 
		I/O Configuration: default
SIM_START	day1_scenario1	2025-11-11 16:13:23
TIME	0.000
SIMULATE	day1_scenario1

TIME	6.702
ERROR		Vehicle leaves road at about x=109.101, y=4.0459 TireNo=0
SIM_ABORT	day1_scenario1	6.705s	106.635m
APPLICATION	CarMaker 14.1.1 - Car_Generic #5 (win64-14.1.1)
COMPILED	jetbrains@2dc68d98a08b 2025-07-07 15:00:46
 
		I/O Configuration: default
SIM_START	day1_scenario1	2025-11-11 16:14:49
TIME	0.000
SIMULATE	day1_scenario1

TIME	29.801
SIM_END		day1_scenario1	29.801s	495.342m
APPLICATION	CarMaker 14.1.1 - Car_Generic #5 (win64-14.1.1)
COMPILED	jetbrains@2dc68d98a08b 2025-07-07 15:00:46
 
		I/O Configuration: default
SIM_START	day1_scenario1	2025-11-11 16:16:34
TIME	0.000
SIMULATE	day1_scenario1

TIME	19.064
SIM_END		day1_scenario1	19.061s	316.381m
APPLICATION	CarMaker 14.1.1 - Car_Generic #5 (win64-14.1.1)
COMPILED	jetbrains@2dc68d98a08b 2025-07-07 15:00:46
 
		I/O Configuration: default
SIM_START	day1_scenario1	2025-11-11 16:17:02
TIME	0.000
SIMULATE	day1_scenario1

TIME	20.134
SIM_END		day1_scenario1	20.131s	334.22m
APPLICATION	CarMaker 14.1.1 - Car_Generic #5 (win64-14.1.1)
COMPILED	jetbrains@2dc68d98a08b 2025-07-07 15:00:46
 
		I/O Configuration: default
SIM_START	day1_scenario1	2025-11-11 16:17:31
TIME	0.000
SIMULATE	day1_scenario1

TIME	8.430
ERROR		Vehicle leaves road at about x=139.293, y=4.19658 TireNo=0
SIM_ABORT	day1_scenario1	8.433s	137.254m
APPLICATION	CarMaker 14.1.1 - Car_Generic #5 (win64-14.1.1)
COMPILED	jetbrains@2dc68d98a08b 2025-07-07 15:00:46
 
		I/O Configuration: default
SIM_START	day1_scenario1	2025-11-11 16:18:56
TIME	0.000
SIMULATE	day1_scenario1

TIME	20.539
ERROR		Vehicle leaves road at about x=342.325, y=-11.7931 TireNo=1
SIM_ABORT	day1_scenario1	20.542s	340.409m
APPLICATION	CarMaker 14.1.1 - Car_Generic #5 (win64-14.1.1)
COMPILED	jetbrains@2dc68d98a08b 2025-07-07 15:00:46
 
		I/O Configuration: default
SIM_START	day1_scenario1	2025-11-11 16:22:07
TIME	0.000
SIMULATE	day1_scenario1

TIME	29.811
ERROR		Vehicle leaves road at about x=497.238, y=5.9882 TireNo=0
SIM_ABORT	day1_scenario1	29.814s	495.243m
APPLICATION	CarMaker 14.1.1 - Car_Generic #5 (win64-14.1.1)
COMPILED	jetbrains@2dc68d98a08b 2025-07-07 15:00:46
 
		I/O Configuration: default
SIM_START	day1_scenario1	2025-11-11 16:23:03
TIME	0.000
SIMULATE	day1_scenario1

TIME	10.886
ERROR		Vehicle leaves road at about x=100.038, y=-13.0032 TireNo=1
SIM_ABORT	day1_scenario1	10.889s	99.8286m
APPLICATION	CarMaker 14.1.1 - Car_Generic #5 (win64-14.1.1)
COMPILED	jetbrains@2dc68d98a08b 2025-07-07 15:00:46
 
		I/O Configuration: default
SIM_START	day1_scenario1	2025-11-11 16:23:31
TIME	0.000
SIMULATE	day1_scenario1

TIME	12.238
ERROR		Vehicle leaves road at about x=106.678, y=-12.9704 TireNo=1
SIM_ABORT	day1_scenario1	12.241s	105.392m
APPLICATION	CarMaker 14.1.1 - Car_Generic #5 (win64-14.1.1)
COMPILED	jetbrains@2dc68d98a08b 2025-07-07 15:00:46
 
		I/O Configuration: default
SIM_START	day1_scenario1	2025-11-11 16:23:56
TIME	0.000
SIMULATE	day1_scenario1

TIME	29.801
SIM_END		day1_scenario1	29.801s	495.342m
APPLICATION	CarMaker 14.1.1 - Car_Generic #5 (win64-14.1.1)
COMPILED	jetbrains@2dc68d98a08b 2025-07-07 15:00:46
 
		I/O Configuration: default
SIM_START	day1_scenario3	2025-11-11 16:26:38
TIME	0.000
SIMULATE	day1_scenario3

ERROR		Vehicle leaves road at about x=10.8992, y=3.55731 TireNo=0
SIM_ABORT	day1_scenario3	1.304s	10.2958m
APPLICATION	CarMaker 14.1.1 - Car_Generic #5 (win64-14.1.1)
COMPILED	jetbrains@2dc68d98a08b 2025-07-07 15:00:46
 
		I/O Configuration: default
SIM_START	day1_scenario3	2025-11-11 16:27:11
TIME	0.000
SIMULATE	day1_scenario3

TIME	35.610
SIM_END		day1_scenario3	35.61s	295.828m
APPLICATION	CarMaker 14.1.1 - Car_Generic #5 (win64-14.1.1)
COMPILED	jetbrains@2dc68d98a08b 2025-07-07 15:00:46
 
		I/O Configuration: default
SIM_START	day1_scenario3	2025-11-11 16:30:25
TIME	0.000
SIMULATE	day1_scenario3

TIME	7.333
SIM_END		day1_scenario3	7.33s	49.8486m
APPLICATION	CarMaker 14.1.1 - Car_Generic #5 (win64-14.1.1)
COMPILED	jetbrains@2dc68d98a08b 2025-07-07 15:00:46
 
		I/O Configuration: default
SIM_START	day1_scenario3	2025-11-11 16:30:44
TIME	0.000
SIMULATE	day1_scenario3

TIME	12.029
SIM_END		day1_scenario3	12.026s	99.0517m
APPLICATION	CarMaker 14.1.1 - Car_Generic #5 (win64-14.1.1)
COMPILED	jetbrains@2dc68d98a08b 2025-07-07 15:00:46
 
		I/O Configuration: default
SIM_START	day1_scenario3	2025-11-11 16:31:05
TIME	0.000
SIMULATE	day1_scenario3

TIME	8.099
SIM_END		day1_scenario3	8.096s	65.5108m
APPLICATION	CarMaker 14.1.1 - Car_Generic #5 (win64-14.1.1)
COMPILED	jetbrains@2dc68d98a08b 2025-07-07 15:00:46
 
		I/O Configuration: default
SIM_START	day1_scenario3	2025-11-11 16:31:21
TIME	0.000
SIMULATE	day1_scenario3

TIME	2.173
ERROR		Vehicle leaves road at about x=10.8376, y=3.55645 TireNo=0
SIM_ABORT	day1_scenario3	2.176s	11.2279m
APPLICATION	CarMaker 14.1.1 - Car_Generic #5 (win64-14.1.1)
COMPILED	jetbrains@2dc68d98a08b 2025-07-07 15:00:46
 
		I/O Configuration: default
SIM_START	day1_scenario3	2025-11-11 16:31:33
TIME	0.000
SIMULATE	day1_scenario3

TIME	6.799
SIM_END		day1_scenario3	6.796s	53.3044m
APPLICATION	CarMaker 14.1.1 - Car_Generic #5 (win64-14.1.1)
COMPILED	jetbrains@2dc68d98a08b 2025-07-07 15:00:46
 
		I/O Configuration: default
SIM_START	day1_scenario3	2025-11-11 16:32:02
TIME	0.000
SIMULATE	day1_scenario3

TIME	16.781
SIM_END		day1_scenario3	16.778s	136.823m
APPLICATION	CarMaker 14.1.1 - Car_Generic #5 (win64-14.1.1)
COMPILED	jetbrains@2dc68d98a08b 2025-07-07 15:00:46
 
		I/O Configuration: default
SIM_START	day1_scenario3	2025-11-11 16:32:28
TIME	0.000
SIMULATE	day1_scenario3

TIME	12.727
SIM_END		day1_scenario3	12.724s	103.034m
APPLICATION	CarMaker 14.1.1 - Car_Generic #5 (win64-14.1.1)
COMPILED	jetbrains@2dc68d98a08b 2025-07-07 15:00:46
 
		I/O Configuration: default
SIM_START	day1_scenario3	2025-11-11 16:32:54
TIME	0.000
SIMULATE	day1_scenario3

TIME	14.134
SIM_END		day1_scenario3	14.131s	114.763m
APPLICATION	CarMaker 14.1.1 - Car_Generic #5 (win64-14.1.1)
COMPILED	jetbrains@2dc68d98a08b 2025-07-07 15:00:46
 
		I/O Configuration: default
SIM_START	day1_scenario3	2025-11-11 16:33:18
TIME	0.000
SIMULATE	day1_scenario3

SIM_END		day1_scenario3	1.64s	8.97505m
APPLICATION	CarMaker 14.1.1 - Car_Generic #5 (win64-14.1.1)
COMPILED	jetbrains@2dc68d98a08b 2025-07-07 15:00:46
 
		I/O Configuration: default
SIM_START	day1_scenario3	2025-11-11 16:34:34
TIME	0.000
SIMULATE	day1_scenario3

TIME	10.048
SIM_END		day1_scenario3	10.045s	44.6835m
APPLICATION	CarMaker 14.1.1 - Car_Generic #5 (win64-14.1.1)
COMPILED	jetbrains@2dc68d98a08b 2025-07-07 15:00:46
 
		I/O Configuration: default
SIM_START	day1_scenario3	2025-11-11 16:34:59
TIME	0.000
SIMULATE	day1_scenario3

TIME	10.045
SIM_END		day1_scenario3	10.042s	80.2438m
APPLICATION	CarMaker 14.1.1 - Car_Generic #5 (win64-14.1.1)
COMPILED	jetbrains@2dc68d98a08b 2025-07-07 15:00:46
 
		I/O Configuration: default
SIM_START	day1_scenario4	2025-11-11 16:35:27
TIME	0.000
SIMULATE	day1_scenario4

ERROR		Vehicle leaves road at about x=11.3159, y=3.57519 TireNo=0
SIM_ABORT	day1_scenario4	1.755s	11.004m
APPLICATION	CarMaker 14.1.1 - Car_Generic #5 (win64-14.1.1)
COMPILED	jetbrains@2dc68d98a08b 2025-07-07 15:00:46
 
		I/O Configuration: default
SIM_START	day1_scenario4	2025-11-11 16:36:46
TIME	0.000
SIMULATE	day1_scenario4

TIME	35.898
SIM_END		day1_scenario4	35.898s	295.751m
APPLICATION	CarMaker 14.1.1 - Car_Generic #5 (win64-14.1.1)
COMPILED	jetbrains@2dc68d98a08b 2025-07-07 15:00:46
 
		I/O Configuration: default
SIM_START	day1_scenario4	2025-11-11 16:39:51
TIME	0.000
SIMULATE	day1_scenario4

TIME	9.132
SIM_END		day1_scenario4	9.129s	72.6137m
APPLICATION	CarMaker 14.1.1 - Car_Generic #5 (win64-14.1.1)
COMPILED	jetbrains@2dc68d98a08b 2025-07-07 15:00:46
 
		I/O Configuration: default
SIM_START	day1_scenario4	2025-11-11 16:40:10
TIME	0.000
SIMULATE	day1_scenario4

TIME	6.490
SIM_END		day1_scenario4	6.487s	50.5975m
APPLICATION	CarMaker 14.1.1 - Car_Generic #5 (win64-14.1.1)
COMPILED	jetbrains@2dc68d98a08b 2025-07-07 15:00:46
 
		I/O Configuration: default
SIM_START	day1_scenario4	2025-11-11 16:40:26
TIME	0.000
SIMULATE	day1_scenario4

TIME	5.652
SIM_END		day1_scenario4	5.649s	44.0041m
APPLICATION	CarMaker 14.1.1 - Car_Generic #5 (win64-14.1.1)
COMPILED	jetbrains@2dc68d98a08b 2025-07-07 15:00:46
 
		I/O Configuration: default
SIM_START	day1_scenario4	2025-11-11 16:40:40
TIME	0.000
SIMULATE	day1_scenario4

TIME	4.610
SIM_END		day1_scenario4	4.607s	35.4122m
APPLICATION	CarMaker 14.1.1 - Car_Generic #5 (win64-14.1.1)
COMPILED	jetbrains@2dc68d98a08b 2025-07-07 15:00:46
 
		I/O Configuration: default
SIM_START	day1_scenario4	2025-11-11 16:40:53
TIME	0.000
SIMULATE	day1_scenario4

TIME	8.546
SIM_END		day1_scenario4	8.543s	68.6887m
APPLICATION	CarMaker 14.1.1 - Car_Generic #5 (win64-14.1.1)
COMPILED	jetbrains@2dc68d98a08b 2025-07-07 15:00:46
 
		I/O Configuration: default
SIM_START	day1_scenario4	2025-11-11 16:41:23
TIME	0.000
SIMULATE	day1_scenario4

TIME	6.139
SIM_END		day1_scenario4	6.136s	48.57m
APPLICATION	CarMaker 14.1.1 - Car_Generic #5 (win64-14.1.1)
COMPILED	jetbrains@2dc68d98a08b 2025-07-07 15:00:46
 
		I/O Configuration: default
SIM_START	day1_scenario4	2025-11-11 16:41:38
TIME	0.000
SIMULATE	day1_scenario4

TIME	4.643
SIM_END		day1_scenario4	4.64s	36.9466m
APPLICATION	CarMaker 14.1.1 - Car_Generic #5 (win64-14.1.1)
COMPILED	jetbrains@2dc68d98a08b 2025-07-07 15:00:46
 
		I/O Configuration: default
SIM_START	day1_scenario4	2025-11-11 16:41:51
TIME	0.000
SIMULATE	day1_scenario4

TIME	3.869
SIM_END		day1_scenario4	3.866s	30.9165m
APPLICATION	CarMaker 14.1.1 - Car_Generic #5 (win64-14.1.1)
COMPILED	jetbrains@2dc68d98a08b 2025-07-07 15:00:46
 
		I/O Configuration: default
SIM_START	day1_scenario4	2025-11-11 16:42:03
TIME	0.000
SIMULATE	day1_scenario4

TIME	2.814
SIM_END		day1_scenario4	2.811s	22.3317m
APPLICATION	CarMaker 14.1.1 - Car_Generic #5 (win64-14.1.1)
COMPILED	jetbrains@2dc68d98a08b 2025-07-07 15:00:46
 
		I/O Configuration: default
SIM_START	day1_scenario4	2025-11-11 16:42:15
TIME	0.000
SIMULATE	day1_scenario4

TIME	3.266
SIM_END		day1_scenario4	3.263s	26.0551m
APPLICATION	CarMaker 14.1.1 - Car_Generic #5 (win64-14.1.1)
COMPILED	jetbrains@2dc68d98a08b 2025-07-07 15:00:46
 
		I/O Configuration: default
SIM_START	day1_scenario4	2025-11-11 16:42:27
TIME	0.000
SIMULATE	day1_scenario4

TIME	19.351
SIM_END		day1_scenario4	19.348s	159.489m
APPLICATION	CarMaker 14.1.1 - Car_Generic #5 (win64-14.1.1)
COMPILED	jetbrains@2dc68d98a08b 2025-07-07 15:00:46
 
		I/O Configuration: default
SIM_START	day1_scenario4	2025-11-11 16:42:54
TIME	0.000
SIMULATE	day1_scenario4

TIME	3.840
SIM_END		day1_scenario4	3.837s	30.7673m
APPLICATION	CarMaker 14.1.1 - Car_Generic #5 (win64-14.1.1)
COMPILED	jetbrains@2dc68d98a08b 2025-07-07 15:00:46
 
		I/O Configuration: default
SIM_START	day1_scenario4	2025-11-11 16:43:06
TIME	0.000
SIMULATE	day1_scenario4

TIME	8.366
SIM_END		day1_scenario4	8.363s	67.1838m
APPLICATION	CarMaker 14.1.1 - Car_Generic #5 (win64-14.1.1)
COMPILED	jetbrains@2dc68d98a08b 2025-07-07 15:00:46
 
		I/O Configuration: default
SIM_START	day1_scenario4	2025-11-11 16:43:24
TIME	0.000
SIMULATE	day1_scenario4

TIME	3.645
SIM_END		day1_scenario4	3.642s	28.176m
APPLICATION	CarMaker 14.1.1 - Car_Generic #5 (win64-14.1.1)
COMPILED	jetbrains@2dc68d98a08b 2025-07-07 15:00:46
 
		I/O Configuration: default
SIM_START	day1_scenario4	2025-11-11 16:43:36
TIME	0.000
SIMULATE	day1_scenario4

ERROR		Vehicle leaves road at about x=12.4575, y=3.56566 TireNo=0
SIM_ABORT	day1_scenario4	1.715s	11.2893m
APPLICATION	CarMaker 14.1.1 - Car_Generic #5 (win64-14.1.1)
COMPILED	jetbrains@2dc68d98a08b 2025-07-07 15:00:46
 
		I/O Configuration: default
SIM_START	day1_scenario4	2025-11-11 16:43:47
TIME	0.000
SIMULATE	day1_scenario4

TIME	2.178
ERROR		Embedded FARoadSensor Geo:  xyz (15.09 3.58 -0.51) not found on Road
SIM_ABORT	day1_scenario4	2.181s	13.6907m
APPLICATION	CarMaker 14.1.1 - Car_Generic #5 (win64-14.1.1)
COMPILED	jetbrains@2dc68d98a08b 2025-07-07 15:00:46
 
		I/O Configuration: default
SIM_START	day1_scenario4	2025-11-11 16:43:57
TIME	0.000
SIMULATE	day1_scenario4

TIME	22.452
SIM_END		day1_scenario4	22.449s	183.372m
APPLICATION	CarMaker 14.1.1 - Car_Generic #5 (win64-14.1.1)
COMPILED	jetbrains@2dc68d98a08b 2025-07-07 15:00:46
 
		I/O Configuration: default
SIM_START	day1_scenario4	2025-11-11 16:44:28
TIME	0.000
SIMULATE	day1_scenario4

TIME	18.044
SIM_END		day1_scenario4	18.041s	146.542m
APPLICATION	CarMaker 14.1.1 - Car_Generic #5 (win64-14.1.1)
COMPILED	jetbrains@2dc68d98a08b 2025-07-07 15:00:46
 
		I/O Configuration: default
SIM_START	day1_scenario4	2025-11-11 16:44:55
TIME	0.000
SIMULATE	day1_scenario4

TIME	13.427
SIM_END		day1_scenario4	13.424s	107.765m
APPLICATION	CarMaker 14.1.1 - Car_Generic #5 (win64-14.1.1)
COMPILED	jetbrains@2dc68d98a08b 2025-07-07 15:00:46
 
		I/O Configuration: default
SIM_START	day1_scenario4	2025-11-11 16:45:29
TIME	0.000
SIMULATE	day1_scenario4

TIME	35.933
SIM_END		day1_scenario4	35.933s	295.368m
APPLICATION	CarMaker 14.1.1 - Car_Generic #5 (win64-14.1.1)
COMPILED	jetbrains@2dc68d98a08b 2025-07-07 15:00:46
 
		I/O Configuration: default
SIM_START	day1_scenario4	2025-11-11 16:46:18
TIME	0.000
SIMULATE	day1_scenario4

TIME	35.876
SIM_END		day1_scenario4	35.876s	295.363m
APPLICATION	CarMaker 14.1.1 - Car_Generic #5 (win64-14.1.1)
COMPILED	jetbrains@2dc68d98a08b 2025-07-07 15:00:46
 
		I/O Configuration: default
SIM_START	day1_scenario4	2025-11-11 16:48:05
TIME	0.000
SIMULATE	day1_scenario4

TIME	12.316
SIM_END		day1_scenario4	12.313s	92.2618m
APPLICATION	CarMaker 14.1.1 - Car_Generic #5 (win64-14.1.1)
COMPILED	jetbrains@2dc68d98a08b 2025-07-07 15:00:46
 
		I/O Configuration: default
SIM_START	day1_scenario4	2025-11-11 16:48:43
TIME	0.000
SIMULATE	day1_scenario4

TIME	9.120
SIM_END		day1_scenario4	9.117s	67.8624m
APPLICATION	CarMaker 14.1.1 - Car_Generic #5 (win64-14.1.1)
COMPILED	jetbrains@2dc68d98a08b 2025-07-07 15:00:46
 
		I/O Configuration: default
SIM_START	day1_scenario4	2025-11-11 16:49:12
TIME	0.000
SIMULATE	day1_scenario4

TIME	11.565
SIM_END		day1_scenario4	11.562s	89.1848m
APPLICATION	CarMaker 14.1.1 - Car_Generic #5 (win64-14.1.1)
COMPILED	jetbrains@2dc68d98a08b 2025-07-07 15:00:46
 
		I/O Configuration: default
SIM_START	day1_scenario4	2025-11-11 16:49:32
TIME	0.000
SIMULATE	day1_scenario4

TIME	11.731
SIM_END		day1_scenario4	11.728s	91.4009m
APPLICATION	CarMaker 14.1.1 - Car_Generic #5 (win64-14.1.1)
COMPILED	jetbrains@2dc68d98a08b 2025-07-07 15:00:46
 
		I/O Configuration: default
SIM_START	day1_scenario4	2025-11-11 16:49:52
TIME	0.000
SIMULATE	day1_scenario4

ERROR		Vehicle leaves road at about x=11.7601, y=3.56051 TireNo=0
SIM_ABORT	day1_scenario4	1.672s	10.8186m
APPLICATION	CarMaker 14.1.1 - Car_Generic #5 (win64-14.1.1)
COMPILED	jetbrains@2dc68d98a08b 2025-07-07 15:00:46
 
		I/O Configuration: default
SIM_START	day1_scenario4	2025-11-11 16:50:06
TIME	0.000
SIMULATE	day1_scenario4

TIME	2.384
ERROR		Vehicle leaves road at about x=14.9336, y=3.57786 TireNo=0
SIM_ABORT	day1_scenario4	2.387s	14.2898m
APPLICATION	CarMaker 14.1.1 - Car_Generic #5 (win64-14.1.1)
COMPILED	jetbrains@2dc68d98a08b 2025-07-07 15:00:46
 
		I/O Configuration: default
SIM_START	day1_scenario4	2025-11-11 16:50:23
TIME	0.000
SIMULATE	day1_scenario4

TIME	10.363
SIM_END		day1_scenario4	10.36s	80.0246m
APPLICATION	CarMaker 14.1.1 - Car_Generic #5 (win64-14.1.1)
COMPILED	jetbrains@2dc68d98a08b 2025-07-07 15:00:46
 
		I/O Configuration: default
SIM_START	day1_scenario4	2025-11-11 16:50:42
TIME	0.000
SIMULATE	day1_scenario4

TIME	2.880
ERROR		Vehicle leaves road at about x=17.8121, y=3.59117 TireNo=0
SIM_ABORT	day1_scenario4	2.883s	17.0511m
APPLICATION	CarMaker 14.1.1 - Car_Generic #5 (win64-14.1.1)
COMPILED	jetbrains@2dc68d98a08b 2025-07-07 15:00:46
 
		I/O Configuration: default
SIM_START	day1_scenario4	2025-11-11 16:50:54
TIME	0.000
SIMULATE	day1_scenario4

TIME	3.422
ERROR		Vehicle leaves road at about x=20.9806, y=3.60664 TireNo=0
SIM_ABORT	day1_scenario4	3.425s	20.1452m
APPLICATION	CarMaker 14.1.1 - Car_Generic #5 (win64-14.1.1)
COMPILED	jetbrains@2dc68d98a08b 2025-07-07 15:00:46
 
		I/O Configuration: default
SIM_START	day1_scenario4	2025-11-11 16:51:05
TIME	0.000
SIMULATE	day1_scenario4

TIME	12.333
SIM_END		day1_scenario4	12.33s	96.4227m
APPLICATION	CarMaker 14.1.1 - Car_Generic #5 (win64-14.1.1)
COMPILED	jetbrains@2dc68d98a08b 2025-07-07 15:00:46
 
		I/O Configuration: default
SIM_START	day1_scenario4	2025-11-11 16:51:25
TIME	0.000
SIMULATE	day1_scenario4

TIME	2.570
ERROR		Vehicle leaves road at about x=16.0694, y=3.58145 TireNo=0
SIM_ABORT	day1_scenario4	2.573s	15.3883m
APPLICATION	CarMaker 14.1.1 - Car_Generic #5 (win64-14.1.1)
COMPILED	jetbrains@2dc68d98a08b 2025-07-07 15:00:46
 
		I/O Configuration: default
SIM_START	day1_scenario4	2025-11-11 16:51:38
TIME	0.000
SIMULATE	day1_scenario4

TIME	19.090
SIM_END		day1_scenario4	19.087s	155.188m
APPLICATION	CarMaker 14.1.1 - Car_Generic #5 (win64-14.1.1)
COMPILED	jetbrains@2dc68d98a08b 2025-07-07 15:00:46
 
		I/O Configuration: default
SIM_START	day1_scenario4	2025-11-11 16:52:06
TIME	0.000
SIMULATE	day1_scenario4

TIME	14.716
SIM_END		day1_scenario4	14.713s	119.074m
APPLICATION	CarMaker 14.1.1 - Car_Generic #5 (win64-14.1.1)
COMPILED	jetbrains@2dc68d98a08b 2025-07-07 15:00:46
 
		I/O Configuration: default
SIM_START	day1_scenario4	2025-11-11 16:53:28
TIME	0.000
SIMULATE	day1_scenario4

TIME	7.075
SIM_END		day1_scenario4	7.072s	55.6125m
APPLICATION	CarMaker 14.1.1 - Car_Generic #5 (win64-14.1.1)
COMPILED	jetbrains@2dc68d98a08b 2025-07-07 15:00:46
 
		I/O Configuration: default
SIM_START	day1_scenario4	2025-11-11 16:53:46
TIME	0.000
SIMULATE	day1_scenario4

TIME	7.669
SIM_END		day1_scenario4	7.666s	60.3736m
APPLICATION	CarMaker 14.1.1 - Car_Generic #5 (win64-14.1.1)
COMPILED	jetbrains@2dc68d98a08b 2025-07-07 15:00:46
 
		I/O Configuration: default
SIM_START	day1_scenario4	2025-11-11 16:54:04
TIME	0.000
SIMULATE	day1_scenario4

TIME	15.479
SIM_END		day1_scenario4	15.476s	125.549m
APPLICATION	CarMaker 14.1.1 - Car_Generic #5 (win64-14.1.1)
COMPILED	jetbrains@2dc68d98a08b 2025-07-07 15:00:46
 
		I/O Configuration: default
SIM_START	day1_scenario4	2025-11-11 16:54:29
TIME	0.000
SIMULATE	day1_scenario4

TIME	6.233
SIM_END		day1_scenario4	6.23s	47.5563m
APPLICATION	CarMaker 14.1.1 - Car_Generic #5 (win64-14.1.1)
COMPILED	jetbrains@2dc68d98a08b 2025-07-07 15:00:46
 
		I/O Configuration: default
SIM_START	day1_scenario4	2025-11-11 16:54:43
TIME	0.000
SIMULATE	day1_scenario4

TIME	2.573
ERROR		Vehicle leaves road at about x=16.4914, y=3.58457 TireNo=0
SIM_ABORT	day1_scenario4	2.576s	15.9066m
APPLICATION	CarMaker 14.1.1 - Car_Generic #5 (win64-14.1.1)
COMPILED	jetbrains@2dc68d98a08b 2025-07-07 15:00:46
 
		I/O Configuration: default
SIM_START	day1_scenario4	2025-11-11 16:55:16
TIME	0.000
SIMULATE	day1_scenario4

TIME	25.939
SIM_END		day1_scenario4	25.936s	211.896m
APPLICATION	CarMaker 14.1.1 - Car_Generic #5 (win64-14.1.1)
COMPILED	jetbrains@2dc68d98a08b 2025-07-07 15:00:46
 
		I/O Configuration: default
SIM_START	day1_scenario4	2025-11-11 16:56:18
TIME	0.000
SIMULATE	day1_scenario4

TIME	10.743
SIM_END		day1_scenario4	10.74s	85.2274m
APPLICATION	CarMaker 14.1.1 - Car_Generic #5 (win64-14.1.1)
COMPILED	jetbrains@2dc68d98a08b 2025-07-07 15:00:46
 
		I/O Configuration: default
SIM_START	day1_scenario4	2025-11-11 16:56:55
TIME	0.000
SIMULATE	day1_scenario4

TIME	2.487
ERROR		Embedded FARoadSensor Geo:  xyz (14.68 3.57 -0.50) not found on Road
SIM_ABORT	day1_scenario4	2.49s	15.0369m
APPLICATION	CarMaker 14.1.1 - Car_Generic #5 (win64-14.1.1)
COMPILED	jetbrains@2dc68d98a08b 2025-07-07 15:00:46
 
		I/O Configuration: default
SIM_START	day1_scenario4	2025-11-11 16:57:11
TIME	0.000
SIMULATE	day1_scenario4

TIME	3.275
ERROR		Embedded FARoadSensor Geo:  xyz (18.43 3.60 -0.49) not found on Road
SIM_ABORT	day1_scenario4	3.278s	19.0378m
APPLICATION	CarMaker 14.1.1 - Car_Generic #5 (win64-14.1.1)
COMPILED	jetbrains@2dc68d98a08b 2025-07-07 15:00:46
 
		I/O Configuration: default
SIM_START	day1_scenario4	2025-11-11 16:57:26
TIME	0.000
SIMULATE	day1_scenario4

ERROR		Vehicle leaves road at about x=14.3422, y=3.57478 TireNo=0
SIM_ABORT	day1_scenario4	1.987s	12.499m
APPLICATION	CarMaker 14.1.1 - Car_Generic #5 (win64-14.1.1)
COMPILED	jetbrains@2dc68d98a08b 2025-07-07 15:00:46
 
		I/O Configuration: default
SIM_START	day1_scenario4	2025-11-11 16:57:39
TIME	0.000
SIMULATE	day1_scenario4

TIME	8.369
SIM_END		day1_scenario4	8.366s	65.4102m
APPLICATION	CarMaker 14.1.1 - Car_Generic #5 (win64-14.1.1)
COMPILED	jetbrains@2dc68d98a08b 2025-07-07 15:00:46
 
		I/O Configuration: default
SIM_START	day1_scenario4	2025-11-11 16:58:01
TIME	0.000
SIMULATE	day1_scenario4

TIME	17.600
SIM_END		day1_scenario4	17.597s	143.409m
APPLICATION	CarMaker 14.1.1 - Car_Generic #5 (win64-14.1.1)
COMPILED	jetbrains@2dc68d98a08b 2025-07-07 15:00:46
 
		I/O Configuration: default
SIM_START	day1_scenario4	2025-11-11 16:58:25
TIME	0.000
SIMULATE	day1_scenario4

ERROR		Vehicle leaves road at about x=12.7923, y=3.56661 TireNo=0
SIM_ABORT	day1_scenario4	1.728s	11.2775m
APPLICATION	CarMaker 14.1.1 - Car_Generic #5 (win64-14.1.1)
COMPILED	jetbrains@2dc68d98a08b 2025-07-07 15:00:46
 
		I/O Configuration: default
SIM_START	day1_scenario4	2025-11-11 16:58:57
TIME	0.000
SIMULATE	day1_scenario4

TIME	13.876
SIM_END		day1_scenario4	13.873s	112.737m
APPLICATION	CarMaker 14.1.1 - Car_Generic #5 (win64-14.1.1)
COMPILED	jetbrains@2dc68d98a08b 2025-07-07 15:00:46
 
		I/O Configuration: default
SIM_START	day1_scenario4	2025-11-11 16:59:19
TIME	0.000
SIMULATE	day1_scenario4

TIME	19.843
SIM_END		day1_scenario4	19.84s	162.111m
APPLICATION	CarMaker 14.1.1 - Car_Generic #5 (win64-14.1.1)
COMPILED	jetbrains@2dc68d98a08b 2025-07-07 15:00:46
 
		I/O Configuration: default
SIM_START	day1_scenario4	2025-11-11 17:01:30
TIME	0.000
SIMULATE	day1_scenario4

TIME	2.412
ERROR		Embedded FARoadSensor Geo:  xyz (14.33 3.58 -0.50) not found on Road
SIM_ABORT	day1_scenario4	2.415s	14.65m
APPLICATION	CarMaker 14.1.1 - Car_Generic #5 (win64-14.1.1)
COMPILED	jetbrains@2dc68d98a08b 2025-07-07 15:00:46
 
		I/O Configuration: default
SIM_START	day1_scenario4	2025-11-11 17:02:04
TIME	0.000
SIMULATE	day1_scenario4

TIME	10.683
SIM_END		day1_scenario4	10.68s	83.5804m
APPLICATION	CarMaker 14.1.1 - Car_Generic #5 (win64-14.1.1)
COMPILED	jetbrains@2dc68d98a08b 2025-07-07 15:00:46
 
		I/O Configuration: default
SIM_START	day1_scenario4	2025-11-11 17:02:21
TIME	0.000
SIMULATE	day1_scenario4

TIME	11.401
SIM_END		day1_scenario4	11.398s	91.6659m
APPLICATION	CarMaker 14.1.1 - Car_Generic #5 (win64-14.1.1)
COMPILED	jetbrains@2dc68d98a08b 2025-07-07 15:00:46
 
		I/O Configuration: default
SIM_START	day1_scenario4	2025-11-11 17:02:42
TIME	0.000
SIMULATE	day1_scenario4

TIME	17.887
SIM_END		day1_scenario4	17.884s	144.348m
APPLICATION	CarMaker 14.1.1 - Car_Generic #5 (win64-14.1.1)
COMPILED	jetbrains@2dc68d98a08b 2025-07-07 15:00:46
 
		I/O Configuration: default
SIM_START	day1_scenario4	2025-11-11 17:03:10
TIME	0.000
SIMULATE	day1_scenario4

TIME	2.012
ERROR		Vehicle leaves road at about x=11.733, y=3.68879 TireNo=0
SIM_ABORT	day1_scenario4	2.015s	12.4729m
APPLICATION	CarMaker 14.1.1 - Car_Generic #5 (win64-14.1.1)
COMPILED	jetbrains@2dc68d98a08b 2025-07-07 15:00:46
 
		I/O Configuration: default
SIM_START	day1_scenario4	2025-11-11 17:03:57
TIME	0.000
SIMULATE	day1_scenario4

TIME	7.979
SIM_END		day1_scenario4	7.976s	61.709m
APPLICATION	CarMaker 14.1.1 - Car_Generic #5 (win64-14.1.1)
COMPILED	jetbrains@2dc68d98a08b 2025-07-07 15:00:46
 
		I/O Configuration: default
SIM_START	day1_scenario4	2025-11-11 17:04:12
TIME	0.000
SIMULATE	day1_scenario4

TIME	2.012
ERROR		Vehicle leaves road at about x=11.733, y=3.68879 TireNo=0
SIM_ABORT	day1_scenario4	2.015s	12.4729m
APPLICATION	CarMaker 14.1.1 - Car_Generic #5 (win64-14.1.1)
COMPILED	jetbrains@2dc68d98a08b 2025-07-07 15:00:46
 
		I/O Configuration: default
SIM_START	day1_scenario4	2025-11-11 17:04:24
TIME	0.000
SIMULATE	day1_scenario4

TIME	2.348
ERROR		Embedded FARoadSensor Geo:  xyz (14.06 3.57 -0.52) not found on Road
SIM_ABORT	day1_scenario4	2.351s	14.2123m
APPLICATION	CarMaker 14.1.1 - Car_Generic #5 (win64-14.1.1)
COMPILED	jetbrains@2dc68d98a08b 2025-07-07 15:00:46
 
		I/O Configuration: default
SIM_START	day1_scenario4	2025-11-11 17:04:42
TIME	0.000
SIMULATE	day1_scenario4

TIME	10.733
SIM_END		day1_scenario4	10.73s	83.2861m
APPLICATION	CarMaker 14.1.1 - Car_Generic #5 (win64-14.1.1)
COMPILED	jetbrains@2dc68d98a08b 2025-07-07 15:00:46
 
		I/O Configuration: default
SIM_START	day1_scenario4	2025-11-11 17:05:01
TIME	0.000
SIMULATE	day1_scenario4

TIME	8.213
SIM_END		day1_scenario4	8.21s	65.0861m
APPLICATION	CarMaker 14.1.1 - Car_Generic #5 (win64-14.1.1)
COMPILED	jetbrains@2dc68d98a08b 2025-07-07 15:00:46
 
		I/O Configuration: default
SIM_START	day1_scenario4	2025-11-11 17:05:17
TIME	0.000
SIMULATE	day1_scenario4

TIME	2.027
ERROR		Vehicle leaves road at about x=11.7937, y=3.74499 TireNo=0
SIM_ABORT	day1_scenario4	2.03s	12.6095m
APPLICATION	CarMaker 14.1.1 - Car_Generic #5 (win64-14.1.1)
COMPILED	jetbrains@2dc68d98a08b 2025-07-07 15:00:46
 
		I/O Configuration: default
SIM_START	day1_scenario4	2025-11-11 17:05:27
TIME	0.000
SIMULATE	day1_scenario4

TIME	2.432
ERROR		Vehicle leaves road at about x=15.5154, y=3.73656 TireNo=0
SIM_ABORT	day1_scenario4	2.435s	16.0541m
APPLICATION	CarMaker 14.1.1 - Car_Generic #5 (win64-14.1.1)
COMPILED	jetbrains@2dc68d98a08b 2025-07-07 15:00:46
 
		I/O Configuration: default
SIM_START	day1_scenario4	2025-11-11 17:05:39
TIME	0.000
SIMULATE	day1_scenario4

TIME	3.155
ERROR		Vehicle leaves road at about x=21.1751, y=3.65373 TireNo=0
SIM_ABORT	day1_scenario4	3.158s	21.381m
APPLICATION	CarMaker 14.1.1 - Car_Generic #5 (win64-14.1.1)
COMPILED	jetbrains@2dc68d98a08b 2025-07-07 15:00:46
 
		I/O Configuration: default
SIM_START	day1_scenario4	2025-11-11 17:05:52
TIME	0.000
SIMULATE	day1_scenario4

TIME	2.174
ERROR		Embedded FARoadSensor Geo:  xyz (13.27 3.57 -0.52) not found on Road
SIM_ABORT	day1_scenario4	2.177s	13.4096m
APPLICATION	CarMaker 14.1.1 - Car_Generic #5 (win64-14.1.1)
COMPILED	jetbrains@2dc68d98a08b 2025-07-07 15:00:46
 
		I/O Configuration: default
SIM_START	day1_scenario4	2025-11-11 17:06:02
TIME	0.000
SIMULATE	day1_scenario4

TIME	2.173
ERROR		Vehicle leaves road at about x=13.5942, y=3.75374 TireNo=0
SIM_ABORT	day1_scenario4	2.176s	14.2804m
APPLICATION	CarMaker 14.1.1 - Car_Generic #5 (win64-14.1.1)
COMPILED	jetbrains@2dc68d98a08b 2025-07-07 15:00:46
 
		I/O Configuration: default
SIM_START	day1_scenario4	2025-11-11 17:06:16
TIME	0.000
SIMULATE	day1_scenario4

TIME	14.473
SIM_END		day1_scenario4	14.47s	118.065m
APPLICATION	CarMaker 14.1.1 - Car_Generic #5 (win64-14.1.1)
COMPILED	jetbrains@2dc68d98a08b 2025-07-07 15:00:46
 
		I/O Configuration: default
SIM_START	day1_scenario4	2025-11-11 17:06:36
TIME	0.000
SIMULATE	day1_scenario4

TIME	5.988
SIM_END		day1_scenario4	5.985s	46.7751m
APPLICATION	CarMaker 14.1.1 - Car_Generic #5 (win64-14.1.1)
COMPILED	jetbrains@2dc68d98a08b 2025-07-07 15:00:46
 
		I/O Configuration: default
SIM_START	day1_scenario4	2025-11-11 17:06:51
TIME	0.000
SIMULATE	day1_scenario4

TIME	13.559
SIM_END		day1_scenario4	13.556s	109.267m
APPLICATION	CarMaker 14.1.1 - Car_Generic #5 (win64-14.1.1)
COMPILED	jetbrains@2dc68d98a08b 2025-07-07 15:00:46
 
		I/O Configuration: default
SIM_START	day1_scenario4	2025-11-11 17:07:13
TIME	0.000
SIMULATE	day1_scenario4

TIME	4.626
SIM_END		day1_scenario4	4.623s	34.8691m
APPLICATION	CarMaker 14.1.1 - Car_Generic #5 (win64-14.1.1)
COMPILED	jetbrains@2dc68d98a08b 2025-07-07 15:00:46
 
		I/O Configuration: default
SIM_START	day1_scenario4	2025-11-11 17:07:24
TIME	0.000
SIMULATE	day1_scenario4

ERROR		Vehicle leaves road at about x=13.1086, y=3.56801 TireNo=0
SIM_ABORT	day1_scenario4	1.972s	13.4059m
APPLICATION	CarMaker 14.1.1 - Car_Generic #5 (win64-14.1.1)
COMPILED	jetbrains@2dc68d98a08b 2025-07-07 15:00:46
 
		I/O Configuration: default
SIM_START	day1_scenario4	2025-11-11 17:07:35
TIME	0.000
SIMULATE	day1_scenario4

TIME	8.403
SIM_END		day1_scenario4	8.4s	66.7267m
APPLICATION	CarMaker 14.1.1 - Car_Generic #5 (win64-14.1.1)
COMPILED	jetbrains@2dc68d98a08b 2025-07-07 15:00:46
 
		I/O Configuration: default
SIM_START	day1_scenario4	2025-11-11 17:07:50
TIME	0.000
SIMULATE	day1_scenario4

TIME	2.150
ERROR		Embedded FARoadSensor Geo:  xyz (13.11 3.57 -0.52) not found on Road
SIM_ABORT	day1_scenario4	2.153s	13.2921m
APPLICATION	CarMaker 14.1.1 - Car_Generic #5 (win64-14.1.1)
COMPILED	jetbrains@2dc68d98a08b 2025-07-07 15:00:46
 
		I/O Configuration: default
SIM_START	day1_scenario4	2025-11-11 17:08:01
TIME	0.000
SIMULATE	day1_scenario4

TIME	3.330
ERROR		Embedded FARoadSensor Geo:  xyz (19.03 3.60 -0.51) not found on Road
SIM_ABORT	day1_scenario4	3.333s	19.3415m
APPLICATION	CarMaker 14.1.1 - Car_Generic #5 (win64-14.1.1)
COMPILED	jetbrains@2dc68d98a08b 2025-07-07 15:00:46
 
		I/O Configuration: default
SIM_START	day1_scenario4	2025-11-11 17:09:49
TIME	0.000
SIMULATE	day1_scenario4

TIME	2.479
ERROR		Embedded FARoadSensor Geo:  xyz (14.62 3.58 -0.52) not found on Road
SIM_ABORT	day1_scenario4	2.482s	14.8066m
APPLICATION	CarMaker 14.1.1 - Car_Generic #5 (win64-14.1.1)
COMPILED	jetbrains@2dc68d98a08b 2025-07-07 15:00:46
 
		I/O Configuration: default
SIM_START	day1_scenario4	2025-11-11 17:10:05
TIME	0.000
SIMULATE	day1_scenario4

TIME	12.626
SIM_END		day1_scenario4	12.623s	101.015m
APPLICATION	CarMaker 14.1.1 - Car_Generic #5 (win64-14.1.1)
COMPILED	jetbrains@2dc68d98a08b 2025-07-07 15:00:46
 
		I/O Configuration: default
SIM_START	day1_scenario4	2025-11-11 17:10:24
TIME	0.000
SIMULATE	day1_scenario4

TIME	6.963
SIM_END		day1_scenario4	6.96s	54.0964m
APPLICATION	CarMaker 14.1.1 - Car_Generic #5 (win64-14.1.1)
COMPILED	jetbrains@2dc68d98a08b 2025-07-07 15:00:46
 
		I/O Configuration: default
SIM_START	day1_scenario4	2025-11-11 17:10:38
TIME	0.000
SIMULATE	day1_scenario4

TIME	5.389
SIM_END		day1_scenario4	5.386s	41.7211m
APPLICATION	CarMaker 14.1.1 - Car_Generic #5 (win64-14.1.1)
COMPILED	jetbrains@2dc68d98a08b 2025-07-07 15:00:46
 
		I/O Configuration: default
SIM_START	day1_scenario4	2025-11-11 17:10:49
TIME	0.000
SIMULATE	day1_scenario4

TIME	3.125
SIM_END		day1_scenario4	3.122s	23.2535m
APPLICATION	CarMaker 14.1.1 - Car_Generic #5 (win64-14.1.1)
COMPILED	jetbrains@2dc68d98a08b 2025-07-07 15:00:46
 
		I/O Configuration: default
SIM_START	day1_scenario4	2025-11-11 17:11:01
TIME	0.000
SIMULATE	day1_scenario4

TIME	5.707
SIM_END		day1_scenario4	5.704s	44.1693m
APPLICATION	CarMaker 14.1.1 - Car_Generic #5 (win64-14.1.1)
COMPILED	jetbrains@2dc68d98a08b 2025-07-07 15:00:46
 
		I/O Configuration: default
SIM_START	day1_scenario4	2025-11-11 17:11:15
TIME	0.000
SIMULATE	day1_scenario4

TIME	15.668
SIM_END		day1_scenario4	15.665s	127.364m
APPLICATION	CarMaker 14.1.1 - Car_Generic #5 (win64-14.1.1)
COMPILED	jetbrains@2dc68d98a08b 2025-07-07 15:00:46
 
		I/O Configuration: default
SIM_START	day1_scenario4	2025-11-11 17:11:41
TIME	0.000
SIMULATE	day1_scenario4

TIME	9.781
SIM_END		day1_scenario4	9.778s	78.3404m
APPLICATION	CarMaker 14.1.1 - Car_Generic #5 (win64-14.1.1)
COMPILED	jetbrains@2dc68d98a08b 2025-07-07 15:00:46
 
		I/O Configuration: default
SIM_START	day1_scenario4	2025-11-11 17:11:58
TIME	0.000
SIMULATE	day1_scenario4

TIME	15.720
SIM_END		day1_scenario4	15.717s	127.783m
APPLICATION	CarMaker 14.1.1 - Car_Generic #5 (win64-14.1.1)
COMPILED	jetbrains@2dc68d98a08b 2025-07-07 15:00:46
 
		I/O Configuration: default
SIM_START	day1_scenario4	2025-11-11 17:12:21
TIME	0.000
SIMULATE	day1_scenario4

TIME	5.142
SIM_END		day1_scenario4	5.139s	39.6986m
APPLICATION	CarMaker 14.1.1 - Car_Generic #5 (win64-14.1.1)
COMPILED	jetbrains@2dc68d98a08b 2025-07-07 15:00:46
 
		I/O Configuration: default
SIM_START	day1_scenario4	2025-11-11 17:12:34
TIME	0.000
SIMULATE	day1_scenario4

TIME	12.874
SIM_END		day1_scenario4	12.871s	104.107m
APPLICATION	CarMaker 14.1.1 - Car_Generic #5 (win64-14.1.1)
COMPILED	jetbrains@2dc68d98a08b 2025-07-07 15:00:46
 
		I/O Configuration: default
SIM_START	day1_scenario4	2025-11-11 17:12:53
TIME	0.000
SIMULATE	day1_scenario4

TIME	11.856
SIM_END		day1_scenario4	11.853s	95.5045m
APPLICATION	CarMaker 14.1.1 - Car_Generic #5 (win64-14.1.1)
COMPILED	jetbrains@2dc68d98a08b 2025-07-07 15:00:46
 
		I/O Configuration: default
SIM_START	day1_scenario4	2025-11-11 17:13:12
TIME	0.000
SIMULATE	day1_scenario4

TIME	10.714
SIM_END		day1_scenario4	10.711s	85.3609m
APPLICATION	CarMaker 14.1.1 - Car_Generic #5 (win64-14.1.1)
COMPILED	jetbrains@2dc68d98a08b 2025-07-07 15:00:46
 
		I/O Configuration: default
SIM_START	day1_scenario4	2025-11-11 17:13:30
TIME	0.000
SIMULATE	day1_scenario4

TIME	8.436
SIM_END		day1_scenario4	8.433s	66.7215m
APPLICATION	CarMaker 14.1.1 - Car_Generic #5 (win64-14.1.1)
COMPILED	jetbrains@2dc68d98a08b 2025-07-07 15:00:46
 
		I/O Configuration: default
SIM_START	day1_scenario4	2025-11-11 17:13:44
TIME	0.000
SIMULATE	day1_scenario4

TIME	5.374
SIM_END		day1_scenario4	5.371s	41.4232m
APPLICATION	CarMaker 14.1.1 - Car_Generic #5 (win64-14.1.1)
COMPILED	jetbrains@2dc68d98a08b 2025-07-07 15:00:46
 
		I/O Configuration: default
SIM_START	day1_scenario4	2025-11-11 17:13:57
TIME	0.000
SIMULATE	day1_scenario4

TIME	5.852
SIM_END		day1_scenario4	5.849s	45.4063m
APPLICATION	CarMaker 14.1.1 - Car_Generic #5 (win64-14.1.1)
COMPILED	jetbrains@2dc68d98a08b 2025-07-07 15:00:46
 
		I/O Configuration: default
SIM_START	day1_scenario4	2025-11-11 17:14:09
TIME	0.000
SIMULATE	day1_scenario4

TIME	10.577
SIM_END		day1_scenario4	10.574s	84.8345m
APPLICATION	CarMaker 14.1.1 - Car_Generic #5 (win64-14.1.1)
COMPILED	jetbrains@2dc68d98a08b 2025-07-07 15:00:46
 
		I/O Configuration: default
SIM_START	day1_scenario4	2025-11-11 17:14:29
TIME	0.000
SIMULATE	day1_scenario4

TIME	8.779
SIM_END		day1_scenario4	8.776s	69.7127m
APPLICATION	CarMaker 14.1.1 - Car_Generic #5 (win64-14.1.1)
COMPILED	jetbrains@2dc68d98a08b 2025-07-07 15:00:46
 
		I/O Configuration: default
SIM_START	day1_scenario4	2025-11-11 17:14:43
TIME	0.000
SIMULATE	day1_scenario4

TIME	7.251
SIM_END		day1_scenario4	7.248s	57.0556m
APPLICATION	CarMaker 14.1.1 - Car_Generic #5 (win64-14.1.1)
COMPILED	jetbrains@2dc68d98a08b 2025-07-07 15:00:46
 
		I/O Configuration: default
		DVA read: Unknown quantity 'AccelCtrl.DesiredAx'
		DVA read: Unknown quantity 'Car.CFL.rz_ext'
SIM_START	day1_scenario4	2025-11-11 17:38:46
TIME	0.000
SIMULATE	day1_scenario4

TIME	35.853
SIM_END		day1_scenario4	35.853s	295.512m
APPLICATION	CarMaker 14.1.1 - Car_Generic #5 (win64-14.1.1)
COMPILED	jetbrains@2dc68d98a08b 2025-07-07 15:00:46
 
		I/O Configuration: default
SIM_START	day1_scenario4	2025-11-11 17:39:48
TIME	0.000
SIMULATE	day1_scenario4

TIME	35.853
SIM_END		day1_scenario4	35.853s	295.512m
APPLICATION	CarMaker 14.1.1 - Car_Generic #5 (win64-14.1.1)
COMPILED	jetbrains@2dc68d98a08b 2025-07-07 15:00:46
 
		I/O Configuration: default
SIM_START	day1_scenario4	2025-11-11 17:40:31
TIME	0.000
SIMULATE	day1_scenario4

TIME	5.893
SIM_END		day1_scenario4	5.89s	45.7651m
APPLICATION	CarMaker 14.1.1 - Car_Generic #5 (win64-14.1.1)
COMPILED	jetbrains@2dc68d98a08b 2025-07-07 15:00:46
 
		I/O Configuration: default
SIM_START	day1_scenario4	2025-11-11 17:41:06
TIME	0.000
SIMULATE	day1_scenario4

TIME	35.558
SIM_END		day1_scenario4	35.555s	293.053m
APPLICATION	CarMaker 14.1.1 - Car_Generic #5 (win64-14.1.1)
COMPILED	jetbrains@2dc68d98a08b 2025-07-07 15:00:46
 
		I/O Configuration: default
SIM_START	day1_scenario1	2025-11-11 17:47:16
TIME	0.000
SIMULATE	day1_scenario1

TIME	29.801
SIM_END		day1_scenario1	29.801s	495.342m
APPLICATION	CarMaker 14.1.1 - Car_Generic #5 (win64-14.1.1)
COMPILED	jetbrains@2dc68d98a08b 2025-07-07 15:00:46
 
		I/O Configuration: default
SIM_START	day1_scenario1	2025-11-11 17:47:56
TIME	0.000
SIMULATE	day1_scenario1

TIME	9.617
SIM_END		day1_scenario1	9.614s	158.819m
APPLICATION	CarMaker 14.1.1 - Car_Generic #5 (win64-14.1.1)
COMPILED	jetbrains@2dc68d98a08b 2025-07-07 15:00:46
 
		I/O Configuration: default
SIM_START	day1_scenario1	2025-11-11 17:48:11
TIME	0.000
SIMULATE	day1_scenario1

TIME	29.801
SIM_END		day1_scenario1	29.801s	495.342m
APPLICATION	CarMaker 14.1.1 - Car_Generic #5 (win64-14.1.1)
COMPILED	jetbrains@2dc68d98a08b 2025-07-07 15:00:46
 
		I/O Configuration: default
SIM_START	day1_scenario1	2025-11-11 17:48:52
TIME	0.000
SIMULATE	day1_scenario1

TIME	29.801
SIM_END		day1_scenario1	29.801s	495.342m
